2024-10-23 07:32:41 +0000  Initial pipeline context: <IDEDistributionProcessingPipelineContext: 0x39024d370; archive(resolved)="<IDEArchive: 0x6000cf4bcee0>", distributionTask(resolved)="2", distributionDestination(resolved)="1", distributionMethod(resolved)="<IDEDistributionMethodDevelopmentSigned: 0x60000df641d0>", team(resolved)="<IDEProvisioningDisambiguatableBasicTeam: 0x600004677a80; teamID='SJP2LCFYZZ', teamName='JMS-UNITED CO., LTD.', teamType='Company', username='tam.thi.le@jms-united.co.jp', isFreeProvisioningTeam='0'>">
	Chain (16, self inclusive):
	<IDEDistributionProcessingPipelineContext: 0x39024d370; archive = "<IDEArchive: 0x6000cf4bcee0>", distributionMethod="<IDEDistributionMethodDevelopmentSigned: 0x60000df641d0>", team="<IDEProvisioningDisambiguatableBasicTeam: 0x600004677a80; teamID='SJP2LCFYZZ', teamName='JMS-UNITED CO., LTD.', teamType='Company', username='tam.thi.le@jms-united.co.jp', isFreeProvisioningTeam='0'>">
	<IDEDistributionProcessingPipelineContext: 0x390280ba0; archive = "<IDEArchive: 0x6000cf4bcee0>", distributionMethod="<IDEDistributionMethodDevelopmentSigned: 0x60000df641d0>", team="<IDEProvisioningDisambiguatableBasicTeam: 0x600004677a80; teamID='SJP2LCFYZZ', teamName='JMS-UNITED CO., LTD.', teamType='Company', username='tam.thi.le@jms-united.co.jp', isFreeProvisioningTeam='0'>">
	<IDEDistributionContext: 0x390277150; archive = "<IDEArchive: 0x6000cf4bcee0>", distributionMethod="<IDEDistributionMethodDevelopmentSigned: 0x60000df641d0>", team="<IDEProvisioningDisambiguatableBasicTeam: 0x600004677a80; teamID='SJP2LCFYZZ', teamName='JMS-UNITED CO., LTD.', teamType='Company', username='tam.thi.le@jms-united.co.jp', isFreeProvisioningTeam='0'>">
	<IDEDistributionContext: 0x38176ba20; archive = "<IDEArchive: 0x6000cf4bcee0>", distributionMethod="<IDEDistributionMethodDevelopmentSigned: 0x60000df641d0>", team="<IDEProvisioningDisambiguatableBasicTeam: 0x600004677a80; teamID='SJP2LCFYZZ', teamName='JMS-UNITED CO., LTD.', teamType='Company', username='tam.thi.le@jms-united.co.jp', isFreeProvisioningTeam='0'>">
	<IDEDistributionContext: 0x35d7382f0; archive = "<IDEArchive: 0x6000cf4bcee0>", distributionMethod="<IDEDistributionMethodDevelopmentSigned: 0x60000df641d0>", team="<IDEProvisioningDisambiguatableBasicTeam: 0x600004677a80; teamID='SJP2LCFYZZ', teamName='JMS-UNITED CO., LTD.', teamType='Company', username='tam.thi.le@jms-united.co.jp', isFreeProvisioningTeam='0'>">
	<IDEDistributionContext: 0x39024e250; archive = "<IDEArchive: 0x6000cf4bcee0>", distributionMethod="<IDEDistributionMethodDevelopmentSigned: 0x60000df641d0>", team="<IDEProvisioningDisambiguatableBasicTeam: 0x600004677a80; teamID='SJP2LCFYZZ', teamName='JMS-UNITED CO., LTD.', teamType='Company', username='tam.thi.le@jms-united.co.jp', isFreeProvisioningTeam='0'>">
	<IDEDistributionContext: 0x33410df10; archive = "<IDEArchive: 0x6000cf4bcee0>", distributionMethod="<IDEDistributionMethodDevelopmentSigned: 0x60000df641d0>", team="<IDEProvisioningDisambiguatableBasicTeam: 0x600004677a80; teamID='SJP2LCFYZZ', teamName='JMS-UNITED CO., LTD.', teamType='Company', username='tam.thi.le@jms-united.co.jp', isFreeProvisioningTeam='0'>">
	<IDEDistributionContext: 0x390229d20; archive = "<IDEArchive: 0x6000cf4bcee0>", distributionMethod="<IDEDistributionMethodDevelopmentSigned: 0x60000df641d0>", team="<IDEProvisioningDisambiguatableBasicTeam: 0x600004677a80; teamID='SJP2LCFYZZ', teamName='JMS-UNITED CO., LTD.', teamType='Company', username='tam.thi.le@jms-united.co.jp', isFreeProvisioningTeam='0'>">
	<IDEDistributionContext: 0x3341046c0; archive = "<IDEArchive: 0x6000cf4bcee0>", distributionMethod="<IDEDistributionMethodDevelopmentSigned: 0x60000df641d0>", team="<IDEProvisioningDisambiguatableBasicTeam: 0x600004677a80; teamID='SJP2LCFYZZ', teamName='JMS-UNITED CO., LTD.', teamType='Company', username='tam.thi.le@jms-united.co.jp', isFreeProvisioningTeam='0'>">
	<IDEDistributionContext: 0x3902120d0; archive = "<IDEArchive: 0x6000cf4bcee0>", distributionMethod="<IDEDistributionMethodDevelopmentSigned: 0x60000df641d0>", team="(null)">
	<IDEDistributionContext: 0x37f389520; archive = "<IDEArchive: 0x6000cf4bcee0>", distributionMethod="<IDEDistributionMethodDevelopmentSigned: 0x60000df641d0>", team="(null)">
	<IDEDistributionContext: 0x390283720; archive = "<IDEArchive: 0x6000cf4bcee0>", distributionMethod="<IDEDistributionMethodDevelopmentSigned: 0x60000df641d0>", team="(null)">
	<IDEDistributionContext: 0x390483170; archive = "<IDEArchive: 0x6000cf4bcee0>", distributionMethod="<IDEDistributionMethodDevelopmentSigned: 0x60000df641d0>", team="(null)">
	<IDEDistributionContext: 0x381b08590; archive = "<IDEArchive: 0x6000cf4bcee0>", distributionMethod="(null)", team="(null)">
	<IDEDistributionContext: 0x39047ad60; archive = "<IDEArchive: 0x6000cf4bcee0>", distributionMethod="(null)", team="(null)">
	<IDEDistributionContext: 0x3871c66c0; archive = "<IDEArchive: 0x6000cf4bcee0>", distributionMethod="(null)", team="(null)">
</IDEDistributionProcessingPipelineContext: 0x39024d370>
2024-10-23 07:32:41 +0000  Processing step: IDEDistributionCreateDestRootStep
2024-10-23 07:32:41 +0000  Processing step: IDEDistributionCopyItemStep
2024-10-23 07:32:41 +0000  Running /usr/bin/ditto '-V' '/Users/user/Library/Developer/Xcode/Archives/2024-10-23/rnCliApp 10-23-24, 4.22 PM.xcarchive/Products/Applications/rnCliApp.app' '/var/folders/1j/37x8r7x94v7gl3vfflf3bsd00000gn/T/XcodeDistPipeline.~~~jfSsFO/Root/Payload/rnCliApp.app'
2024-10-23 07:32:41 +0000  >>> Copying /Users/user/Library/Developer/Xcode/Archives/2024-10-23/rnCliApp 10-23-24, 4.22 PM.xcarchive/Products/Applications/rnCliApp.app 
2024-10-23 07:32:41 +0000  copying file ./_CodeSignature/CodeResources ... 
2024-10-23 07:32:41 +0000  47154 bytes for ./_CodeSignature/CodeResources
2024-10-23 07:32:41 +0000  copying file ./Fontisto.ttf ... 
2024-10-23 07:32:41 +0000  313528 bytes for ./Fontisto.ttf
2024-10-23 07:32:41 +0000  copying file ./Octicons.ttf ... 
2024-10-23 07:32:41 +0000  49404 bytes for ./Octicons.ttf
2024-10-23 07:32:41 +0000  copying file ./Feather.ttf ... 
2024-10-23 07:32:41 +0000  56228 bytes for ./Feather.ttf
2024-10-23 07:32:41 +0000  copying file ./FontAwesome6_Regular.ttf ... 
2024-10-23 07:32:41 +0000  63348 bytes for ./FontAwesome6_Regular.ttf
2024-10-23 07:32:41 +0000  copying file ./Entypo.ttf ... 
2024-10-23 07:32:41 +0000  66200 bytes for ./Entypo.ttf
2024-10-23 07:32:41 +0000  copying file ./gRPCCertificates-Cpp.bundle/roots.pem ... 
2024-10-23 07:32:41 +0000  264440 bytes for ./gRPCCertificates-Cpp.bundle/roots.pem
2024-10-23 07:32:41 +0000  copying file ./gRPCCertificates-Cpp.bundle/Info.plist ... 
2024-10-23 07:32:41 +0000  789 bytes for ./gRPCCertificates-Cpp.bundle/Info.plist
2024-10-23 07:32:41 +0000  copying file ./FontAwesome5_Brands.ttf ... 
2024-10-23 07:32:41 +0000  134040 bytes for ./FontAwesome5_Brands.ttf
2024-10-23 07:32:41 +0000  copying file ./MaterialCommunityIcons.ttf ... 
2024-10-23 07:32:41 +0000  1147844 bytes for ./MaterialCommunityIcons.ttf
2024-10-23 07:32:41 +0000  copying file ./FBLPromises_Privacy.bundle/PrivacyInfo.xcprivacy ... 
2024-10-23 07:32:41 +0000  373 bytes for ./FBLPromises_Privacy.bundle/PrivacyInfo.xcprivacy
2024-10-23 07:32:41 +0000  copying file ./FBLPromises_Privacy.bundle/Info.plist ... 
2024-10-23 07:32:41 +0000  786 bytes for ./FBLPromises_Privacy.bundle/Info.plist
2024-10-23 07:32:41 +0000  copying file ./AppIcon60x60@2x.png ... 
2024-10-23 07:32:41 +0000  5694 bytes for ./AppIcon60x60@2x.png
2024-10-23 07:32:41 +0000  copying file ./AntDesign.ttf ... 
2024-10-23 07:32:41 +0000  70344 bytes for ./AntDesign.ttf
2024-10-23 07:32:41 +0000  copying file ./Foundation.ttf ... 
2024-10-23 07:32:41 +0000  56976 bytes for ./Foundation.ttf
2024-10-23 07:32:41 +0000  copying file ./Ionicons.ttf ... 
2024-10-23 07:32:41 +0000  442604 bytes for ./Ionicons.ttf
2024-10-23 07:32:41 +0000  copying file ./FontAwesome5_Solid.ttf ... 
2024-10-23 07:32:41 +0000  202744 bytes for ./FontAwesome5_Solid.ttf
2024-10-23 07:32:41 +0000  copying file ./FirebaseCoreInternal_Privacy.bundle/PrivacyInfo.xcprivacy ... 
2024-10-23 07:32:41 +0000  855 bytes for ./FirebaseCoreInternal_Privacy.bundle/PrivacyInfo.xcprivacy
2024-10-23 07:32:41 +0000  copying file ./FirebaseCoreInternal_Privacy.bundle/Info.plist ... 
2024-10-23 07:32:41 +0000  807 bytes for ./FirebaseCoreInternal_Privacy.bundle/Info.plist
2024-10-23 07:32:41 +0000  copying file ./GoogleDataTransport_Privacy.bundle/PrivacyInfo.xcprivacy ... 
2024-10-23 07:32:41 +0000  1105 bytes for ./GoogleDataTransport_Privacy.bundle/PrivacyInfo.xcprivacy
2024-10-23 07:32:41 +0000  copying file ./GoogleDataTransport_Privacy.bundle/Info.plist ... 
2024-10-23 07:32:41 +0000  802 bytes for ./GoogleDataTransport_Privacy.bundle/Info.plist
2024-10-23 07:32:41 +0000  copying file ./FontAwesome5_Regular.ttf ... 
2024-10-23 07:32:41 +0000  33736 bytes for ./FontAwesome5_Regular.ttf
2024-10-23 07:32:41 +0000  copying file ./GoogleService-Info.plist ... 
2024-10-23 07:32:41 +0000  544 bytes for ./GoogleService-Info.plist
2024-10-23 07:32:41 +0000  copying file ./FontAwesome.ttf ... 
2024-10-23 07:32:41 +0000  165548 bytes for ./FontAwesome.ttf
2024-10-23 07:32:41 +0000  copying file ./GTMSessionFetcher_Core_Privacy.bundle/PrivacyInfo.xcprivacy ... 
2024-10-23 07:32:41 +0000  598 bytes for ./GTMSessionFetcher_Core_Privacy.bundle/PrivacyInfo.xcprivacy
2024-10-23 07:32:41 +0000  copying file ./GTMSessionFetcher_Core_Privacy.bundle/Info.plist ... 
2024-10-23 07:32:41 +0000  809 bytes for ./GTMSessionFetcher_Core_Privacy.bundle/Info.plist
2024-10-23 07:32:41 +0000  copying file ./Zocial.ttf ... 
2024-10-23 07:32:41 +0000  25788 bytes for ./Zocial.ttf
2024-10-23 07:32:41 +0000  copying file ./Assets.car ... 
2024-10-23 07:32:41 +0000  214415 bytes for ./Assets.car
2024-10-23 07:32:41 +0000  copying file ./EvilIcons.ttf ... 
2024-10-23 07:32:41 +0000  13456 bytes for ./EvilIcons.ttf
2024-10-23 07:32:41 +0000  copying file ./FirebaseInstallations_Privacy.bundle/PrivacyInfo.xcprivacy ... 
2024-10-23 07:32:41 +0000  1105 bytes for ./FirebaseInstallations_Privacy.bundle/PrivacyInfo.xcprivacy
2024-10-23 07:32:41 +0000  copying file ./FirebaseInstallations_Privacy.bundle/Info.plist ... 
2024-10-23 07:32:41 +0000  809 bytes for ./FirebaseInstallations_Privacy.bundle/Info.plist
2024-10-23 07:32:41 +0000  copying file ./GoogleUtilities_Privacy.bundle/PrivacyInfo.xcprivacy ... 
2024-10-23 07:32:41 +0000  1289 bytes for ./GoogleUtilities_Privacy.bundle/PrivacyInfo.xcprivacy
2024-10-23 07:32:41 +0000  copying file ./GoogleUtilities_Privacy.bundle/Info.plist ... 
2024-10-23 07:32:41 +0000  795 bytes for ./GoogleUtilities_Privacy.bundle/Info.plist
2024-10-23 07:32:41 +0000  copying file ./leveldb_Privacy.bundle/PrivacyInfo.xcprivacy ... 
2024-10-23 07:32:41 +0000  856 bytes for ./leveldb_Privacy.bundle/PrivacyInfo.xcprivacy
2024-10-23 07:32:41 +0000  copying file ./leveldb_Privacy.bundle/Info.plist ... 
2024-10-23 07:32:41 +0000  780 bytes for ./leveldb_Privacy.bundle/Info.plist
2024-10-23 07:32:41 +0000  copying file ./phoneringtone.wav ... 
2024-10-23 07:32:41 +0000  1055310 bytes for ./phoneringtone.wav
2024-10-23 07:32:41 +0000  copying file ./main.jsbundle ... 
2024-10-23 07:32:41 +0000  6887022 bytes for ./main.jsbundle
2024-10-23 07:32:41 +0000  copying file ./RCTI18nStrings.bundle/de.lproj/Localizable.strings ... 
64 bytes for ./RCTI18nStrings.bundle/de.lproj/Localizable.strings
copying file ./RCTI18nStrings.bundle/de.lproj/fbt_language_pack.bin ... 
1312 bytes for ./RCTI18nStrings.bundle/de.lproj/fbt_language_pack.bin
copying file ./RCTI18nStrings.bundle/he.lproj/Localizable.strings ... 
64 bytes for ./RCTI18nStrings.bundle/he.lproj/Localizable.strings
copying file ./RCTI18nStrings.bundle/he.lproj/fbt_language_pack.bin ... 
1444 bytes for ./RCTI18nStrings.bundle/he.lproj/fbt_language_pack.bin
copying file ./RCTI18nStrings.bundle/ar.lproj/Localizable.strings ... 
64 bytes for ./RCTI18nStrings.bundle/ar.lproj/Localizable.strings
copying file ./RCTI18nStrings.bundle/ar.lproj/fbt_language_pack.bin ... 
2024-10-23 07:32:41 +0000  1500 bytes for ./RCTI18nStrings.bundle/ar.lproj/fbt_language_pack.bin
2024-10-23 07:32:41 +0000  copying file ./RCTI18nStrings.bundle/el.lproj/Localizable.strings ... 
2024-10-23 07:32:41 +0000  64 bytes for ./RCTI18nStrings.bundle/el.lproj/Localizable.strings
2024-10-23 07:32:41 +0000  copying file ./RCTI18nStrings.bundle/el.lproj/fbt_language_pack.bin ... 
2024-10-23 07:32:41 +0000  1600 bytes for ./RCTI18nStrings.bundle/el.lproj/fbt_language_pack.bin
2024-10-23 07:32:41 +0000  copying file ./RCTI18nStrings.bundle/zh-Hans.lproj/Localizable.strings ... 
2024-10-23 07:32:41 +0000  64 bytes for ./RCTI18nStrings.bundle/zh-Hans.lproj/Localizable.strings
2024-10-23 07:32:41 +0000  copying file ./RCTI18nStrings.bundle/zh-Hans.lproj/fbt_language_pack.bin ... 
2024-10-23 07:32:41 +0000  1296 bytes for ./RCTI18nStrings.bundle/zh-Hans.lproj/fbt_language_pack.bin
2024-10-23 07:32:41 +0000  copying file ./RCTI18nStrings.bundle/ja.lproj/Localizable.strings ... 
2024-10-23 07:32:41 +0000  64 bytes for ./RCTI18nStrings.bundle/ja.lproj/Localizable.strings
2024-10-23 07:32:41 +0000  copying file ./RCTI18nStrings.bundle/ja.lproj/fbt_language_pack.bin ... 
2024-10-23 07:32:41 +0000  1436 bytes for ./RCTI18nStrings.bundle/ja.lproj/fbt_language_pack.bin
2024-10-23 07:32:41 +0000  copying file ./RCTI18nStrings.bundle/en.lproj/Localizable.strings ... 
2024-10-23 07:32:41 +0000  64 bytes for ./RCTI18nStrings.bundle/en.lproj/Localizable.strings
2024-10-23 07:32:41 +0000  copying file ./RCTI18nStrings.bundle/zh-Hant-HK.lproj/Localizable.strings ... 
2024-10-23 07:32:41 +0000  64 bytes for ./RCTI18nStrings.bundle/zh-Hant-HK.lproj/Localizable.strings
2024-10-23 07:32:41 +0000  copying file ./RCTI18nStrings.bundle/zh-Hant-HK.lproj/fbt_language_pack.bin ... 
2024-10-23 07:32:41 +0000  1296 bytes for ./RCTI18nStrings.bundle/zh-Hant-HK.lproj/fbt_language_pack.bin
2024-10-23 07:32:41 +0000  copying file ./RCTI18nStrings.bundle/uk.lproj/Localizable.strings ... 
2024-10-23 07:32:41 +0000  64 bytes for ./RCTI18nStrings.bundle/uk.lproj/Localizable.strings
2024-10-23 07:32:41 +0000  copying file ./RCTI18nStrings.bundle/uk.lproj/fbt_language_pack.bin ... 
2024-10-23 07:32:41 +0000  1564 bytes for ./RCTI18nStrings.bundle/uk.lproj/fbt_language_pack.bin
2024-10-23 07:32:41 +0000  copying file ./RCTI18nStrings.bundle/nb.lproj/Localizable.strings ... 
2024-10-23 07:32:41 +0000  64 bytes for ./RCTI18nStrings.bundle/nb.lproj/Localizable.strings
2024-10-23 07:32:41 +0000  copying file ./RCTI18nStrings.bundle/nb.lproj/fbt_language_pack.bin ... 
2024-10-23 07:32:41 +0000  1296 bytes for ./RCTI18nStrings.bundle/nb.lproj/fbt_language_pack.bin
2024-10-23 07:32:41 +0000  copying file ./RCTI18nStrings.bundle/en-GB.lproj/Localizable.strings ... 
2024-10-23 07:32:41 +0000  64 bytes for ./RCTI18nStrings.bundle/en-GB.lproj/Localizable.strings
2024-10-23 07:32:41 +0000  copying file ./RCTI18nStrings.bundle/en-GB.lproj/fbt_language_pack.bin ... 
2024-10-23 07:32:41 +0000  1268 bytes for ./RCTI18nStrings.bundle/en-GB.lproj/fbt_language_pack.bin
2024-10-23 07:32:41 +0000  copying file ./RCTI18nStrings.bundle/es.lproj/Localizable.strings ... 
2024-10-23 07:32:41 +0000  64 bytes for ./RCTI18nStrings.bundle/es.lproj/Localizable.strings
2024-10-23 07:32:41 +0000  copying file ./RCTI18nStrings.bundle/es.lproj/fbt_language_pack.bin ... 
2024-10-23 07:32:41 +0000  1364 bytes for ./RCTI18nStrings.bundle/es.lproj/fbt_language_pack.bin
2024-10-23 07:32:41 +0000  copying file ./RCTI18nStrings.bundle/da.lproj/Localizable.strings ... 
2024-10-23 07:32:41 +0000  64 bytes for ./RCTI18nStrings.bundle/da.lproj/Localizable.strings
2024-10-23 07:32:41 +0000  copying file ./RCTI18nStrings.bundle/da.lproj/fbt_language_pack.bin ... 
2024-10-23 07:32:41 +0000  1300 bytes for ./RCTI18nStrings.bundle/da.lproj/fbt_language_pack.bin
2024-10-23 07:32:41 +0000  copying file ./RCTI18nStrings.bundle/it.lproj/Localizable.strings ... 
2024-10-23 07:32:41 +0000  64 bytes for ./RCTI18nStrings.bundle/it.lproj/Localizable.strings
2024-10-23 07:32:41 +0000  copying file ./RCTI18nStrings.bundle/it.lproj/fbt_language_pack.bin ... 
2024-10-23 07:32:41 +0000  1388 bytes for ./RCTI18nStrings.bundle/it.lproj/fbt_language_pack.bin
2024-10-23 07:32:41 +0000  copying file ./RCTI18nStrings.bundle/sk.lproj/Localizable.strings ... 
2024-10-23 07:32:41 +0000  64 bytes for ./RCTI18nStrings.bundle/sk.lproj/Localizable.strings
2024-10-23 07:32:41 +0000  copying file ./RCTI18nStrings.bundle/sk.lproj/fbt_language_pack.bin ... 
2024-10-23 07:32:41 +0000  1356 bytes for ./RCTI18nStrings.bundle/sk.lproj/fbt_language_pack.bin
2024-10-23 07:32:41 +0000  copying file ./RCTI18nStrings.bundle/es-ES.lproj/Localizable.strings ... 
2024-10-23 07:32:41 +0000  64 bytes for ./RCTI18nStrings.bundle/es-ES.lproj/Localizable.strings
2024-10-23 07:32:41 +0000  copying file ./RCTI18nStrings.bundle/es-ES.lproj/fbt_language_pack.bin ... 
2024-10-23 07:32:41 +0000  1368 bytes for ./RCTI18nStrings.bundle/es-ES.lproj/fbt_language_pack.bin
2024-10-23 07:32:41 +0000  copying file ./RCTI18nStrings.bundle/ms.lproj/Localizable.strings ... 
2024-10-23 07:32:41 +0000  64 bytes for ./RCTI18nStrings.bundle/ms.lproj/Localizable.strings
2024-10-23 07:32:41 +0000  copying file ./RCTI18nStrings.bundle/ms.lproj/fbt_language_pack.bin ... 
2024-10-23 07:32:41 +0000  1292 bytes for ./RCTI18nStrings.bundle/ms.lproj/fbt_language_pack.bin
2024-10-23 07:32:41 +0000  copying file ./RCTI18nStrings.bundle/sv.lproj/Localizable.strings ... 
2024-10-23 07:32:41 +0000  64 bytes for ./RCTI18nStrings.bundle/sv.lproj/Localizable.strings
2024-10-23 07:32:41 +0000  copying file ./RCTI18nStrings.bundle/sv.lproj/fbt_language_pack.bin ... 
2024-10-23 07:32:41 +0000  1300 bytes for ./RCTI18nStrings.bundle/sv.lproj/fbt_language_pack.bin
2024-10-23 07:32:41 +0000  copying file ./RCTI18nStrings.bundle/cs.lproj/Localizable.strings ... 
2024-10-23 07:32:41 +0000  64 bytes for ./RCTI18nStrings.bundle/cs.lproj/Localizable.strings
2024-10-23 07:32:41 +0000  copying file ./RCTI18nStrings.bundle/cs.lproj/fbt_language_pack.bin ... 
2024-10-23 07:32:41 +0000  1368 bytes for ./RCTI18nStrings.bundle/cs.lproj/fbt_language_pack.bin
2024-10-23 07:32:41 +0000  copying file ./RCTI18nStrings.bundle/ko.lproj/Localizable.strings ... 
2024-10-23 07:32:41 +0000  64 bytes for ./RCTI18nStrings.bundle/ko.lproj/Localizable.strings
2024-10-23 07:32:41 +0000  copying file ./RCTI18nStrings.bundle/ko.lproj/fbt_language_pack.bin ... 
2024-10-23 07:32:41 +0000  1332 bytes for ./RCTI18nStrings.bundle/ko.lproj/fbt_language_pack.bin
2024-10-23 07:32:41 +0000  copying file ./RCTI18nStrings.bundle/zh-Hant.lproj/Localizable.strings ... 
2024-10-23 07:32:41 +0000  64 bytes for ./RCTI18nStrings.bundle/zh-Hant.lproj/Localizable.strings
2024-10-23 07:32:41 +0000  copying file ./RCTI18nStrings.bundle/zh-Hant.lproj/fbt_language_pack.bin ... 
2024-10-23 07:32:41 +0000  1308 bytes for ./RCTI18nStrings.bundle/zh-Hant.lproj/fbt_language_pack.bin
2024-10-23 07:32:41 +0000  copying file ./RCTI18nStrings.bundle/hu.lproj/Localizable.strings ... 
2024-10-23 07:32:41 +0000  64 bytes for ./RCTI18nStrings.bundle/hu.lproj/Localizable.strings
2024-10-23 07:32:41 +0000  copying file ./RCTI18nStrings.bundle/hu.lproj/fbt_language_pack.bin ... 
2024-10-23 07:32:41 +0000  1348 bytes for ./RCTI18nStrings.bundle/hu.lproj/fbt_language_pack.bin
2024-10-23 07:32:41 +0000  copying file ./RCTI18nStrings.bundle/tr.lproj/Localizable.strings ... 
2024-10-23 07:32:41 +0000  64 bytes for ./RCTI18nStrings.bundle/tr.lproj/Localizable.strings
2024-10-23 07:32:41 +0000  copying file ./RCTI18nStrings.bundle/tr.lproj/fbt_language_pack.bin ... 
2024-10-23 07:32:41 +0000  1360 bytes for ./RCTI18nStrings.bundle/tr.lproj/fbt_language_pack.bin
2024-10-23 07:32:41 +0000  copying file ./RCTI18nStrings.bundle/pl.lproj/Localizable.strings ... 
2024-10-23 07:32:41 +0000  64 bytes for ./RCTI18nStrings.bundle/pl.lproj/Localizable.strings
2024-10-23 07:32:41 +0000  copying file ./RCTI18nStrings.bundle/pl.lproj/fbt_language_pack.bin ... 
2024-10-23 07:32:41 +0000  1340 bytes for ./RCTI18nStrings.bundle/pl.lproj/fbt_language_pack.bin
2024-10-23 07:32:41 +0000  copying file ./RCTI18nStrings.bundle/vi.lproj/Localizable.strings ... 
2024-10-23 07:32:41 +0000  64 bytes for ./RCTI18nStrings.bundle/vi.lproj/Localizable.strings
2024-10-23 07:32:41 +0000  copying file ./RCTI18nStrings.bundle/vi.lproj/fbt_language_pack.bin ... 
2024-10-23 07:32:41 +0000  1352 bytes for ./RCTI18nStrings.bundle/vi.lproj/fbt_language_pack.bin
2024-10-23 07:32:41 +0000  copying file ./RCTI18nStrings.bundle/ru.lproj/Localizable.strings ... 
2024-10-23 07:32:41 +0000  64 bytes for ./RCTI18nStrings.bundle/ru.lproj/Localizable.strings
2024-10-23 07:32:41 +0000  copying file ./RCTI18nStrings.bundle/ru.lproj/fbt_language_pack.bin ... 
2024-10-23 07:32:41 +0000  1576 bytes for ./RCTI18nStrings.bundle/ru.lproj/fbt_language_pack.bin
2024-10-23 07:32:41 +0000  copying file ./RCTI18nStrings.bundle/fr.lproj/Localizable.strings ... 
2024-10-23 07:32:41 +0000  64 bytes for ./RCTI18nStrings.bundle/fr.lproj/Localizable.strings
2024-10-23 07:32:41 +0000  copying file ./RCTI18nStrings.bundle/fr.lproj/fbt_language_pack.bin ... 
2024-10-23 07:32:41 +0000  1360 bytes for ./RCTI18nStrings.bundle/fr.lproj/fbt_language_pack.bin
2024-10-23 07:32:41 +0000  copying file ./RCTI18nStrings.bundle/fi.lproj/Localizable.strings ... 
2024-10-23 07:32:41 +0000  64 bytes for ./RCTI18nStrings.bundle/fi.lproj/Localizable.strings
2024-10-23 07:32:41 +0000  copying file ./RCTI18nStrings.bundle/fi.lproj/fbt_language_pack.bin ... 
2024-10-23 07:32:41 +0000  1340 bytes for ./RCTI18nStrings.bundle/fi.lproj/fbt_language_pack.bin
2024-10-23 07:32:41 +0000  copying file ./RCTI18nStrings.bundle/id.lproj/Localizable.strings ... 
2024-10-23 07:32:41 +0000  64 bytes for ./RCTI18nStrings.bundle/id.lproj/Localizable.strings
2024-10-23 07:32:41 +0000  copying file ./RCTI18nStrings.bundle/id.lproj/fbt_language_pack.bin ... 
2024-10-23 07:32:41 +0000  1300 bytes for ./RCTI18nStrings.bundle/id.lproj/fbt_language_pack.bin
2024-10-23 07:32:41 +0000  copying file ./RCTI18nStrings.bundle/nl.lproj/Localizable.strings ... 
2024-10-23 07:32:41 +0000  64 bytes for ./RCTI18nStrings.bundle/nl.lproj/Localizable.strings
2024-10-23 07:32:41 +0000  copying file ./RCTI18nStrings.bundle/nl.lproj/fbt_language_pack.bin ... 
2024-10-23 07:32:41 +0000  1324 bytes for ./RCTI18nStrings.bundle/nl.lproj/fbt_language_pack.bin
2024-10-23 07:32:41 +0000  copying file ./RCTI18nStrings.bundle/th.lproj/Localizable.strings ... 
2024-10-23 07:32:41 +0000  64 bytes for ./RCTI18nStrings.bundle/th.lproj/Localizable.strings
2024-10-23 07:32:41 +0000  copying file ./RCTI18nStrings.bundle/th.lproj/fbt_language_pack.bin ... 
2024-10-23 07:32:41 +0000  1784 bytes for ./RCTI18nStrings.bundle/th.lproj/fbt_language_pack.bin
2024-10-23 07:32:41 +0000  copying file ./RCTI18nStrings.bundle/pt.lproj/Localizable.strings ... 
2024-10-23 07:32:41 +0000  64 bytes for ./RCTI18nStrings.bundle/pt.lproj/Localizable.strings
2024-10-23 07:32:41 +0000  copying file ./RCTI18nStrings.bundle/pt.lproj/fbt_language_pack.bin ... 
2024-10-23 07:32:41 +0000  1356 bytes for ./RCTI18nStrings.bundle/pt.lproj/fbt_language_pack.bin
2024-10-23 07:32:41 +0000  copying file ./RCTI18nStrings.bundle/zu.lproj/Localizable.strings ... 
2024-10-23 07:32:41 +0000  64 bytes for ./RCTI18nStrings.bundle/zu.lproj/Localizable.strings
2024-10-23 07:32:41 +0000  copying file ./RCTI18nStrings.bundle/zu.lproj/fbt_language_pack.bin ... 
2024-10-23 07:32:41 +0000  2076 bytes for ./RCTI18nStrings.bundle/zu.lproj/fbt_language_pack.bin
2024-10-23 07:32:41 +0000  copying file ./RCTI18nStrings.bundle/pt-PT.lproj/Localizable.strings ... 
2024-10-23 07:32:41 +0000  64 bytes for ./RCTI18nStrings.bundle/pt-PT.lproj/Localizable.strings
2024-10-23 07:32:41 +0000  copying file ./RCTI18nStrings.bundle/pt-PT.lproj/fbt_language_pack.bin ... 
2024-10-23 07:32:41 +0000  1372 bytes for ./RCTI18nStrings.bundle/pt-PT.lproj/fbt_language_pack.bin
2024-10-23 07:32:41 +0000  copying file ./RCTI18nStrings.bundle/ro.lproj/Localizable.strings ... 
2024-10-23 07:32:41 +0000  64 bytes for ./RCTI18nStrings.bundle/ro.lproj/Localizable.strings
2024-10-23 07:32:41 +0000  copying file ./RCTI18nStrings.bundle/ro.lproj/fbt_language_pack.bin ... 
2024-10-23 07:32:41 +0000  1344 bytes for ./RCTI18nStrings.bundle/ro.lproj/fbt_language_pack.bin
copying file ./RCTI18nStrings.bundle/Info.plist ... 
2024-10-23 07:32:41 +0000  776 bytes for ./RCTI18nStrings.bundle/Info.plist
2024-10-23 07:32:41 +0000  copying file ./RCTI18nStrings.bundle/hr.lproj/Localizable.strings ... 
2024-10-23 07:32:41 +0000  64 bytes for ./RCTI18nStrings.bundle/hr.lproj/Localizable.strings
2024-10-23 07:32:41 +0000  copying file ./RCTI18nStrings.bundle/hr.lproj/fbt_language_pack.bin ... 
2024-10-23 07:32:41 +0000  1352 bytes for ./RCTI18nStrings.bundle/hr.lproj/fbt_language_pack.bin
2024-10-23 07:32:41 +0000  copying file ./RCTI18nStrings.bundle/hi.lproj/Localizable.strings ... 
2024-10-23 07:32:41 +0000  64 bytes for ./RCTI18nStrings.bundle/hi.lproj/Localizable.strings
2024-10-23 07:32:41 +0000  copying file ./RCTI18nStrings.bundle/hi.lproj/fbt_language_pack.bin ... 
2024-10-23 07:32:41 +0000  1640 bytes for ./RCTI18nStrings.bundle/hi.lproj/fbt_language_pack.bin
2024-10-23 07:32:41 +0000  copying file ./FontAwesome6_Solid.ttf ... 
2024-10-23 07:32:41 +0000  394668 bytes for ./FontAwesome6_Solid.ttf
2024-10-23 07:32:41 +0000  copying file ./PrivacyInfo.xcprivacy ... 
2024-10-23 07:32:41 +0000  1042 bytes for ./PrivacyInfo.xcprivacy
2024-10-23 07:32:41 +0000  copying file ./LaunchScreen.storyboardc/01J-lp-oVM-view-Ze5-6b-2t3.nib ... 
2024-10-23 07:32:41 +0000  3816 bytes for ./LaunchScreen.storyboardc/01J-lp-oVM-view-Ze5-6b-2t3.nib
2024-10-23 07:32:41 +0000  copying file ./LaunchScreen.storyboardc/UIViewController-01J-lp-oVM.nib ... 
2024-10-23 07:32:41 +0000  924 bytes for ./LaunchScreen.storyboardc/UIViewController-01J-lp-oVM.nib
2024-10-23 07:32:41 +0000  copying file ./LaunchScreen.storyboardc/Info.plist ... 
2024-10-23 07:32:41 +0000  258 bytes for ./LaunchScreen.storyboardc/Info.plist
2024-10-23 07:32:41 +0000  copying file ./BootSplash.storyboardc/01J-lp-oVM-view-Ze5-6b-2t3.nib ... 
2024-10-23 07:32:41 +0000  2185 bytes for ./BootSplash.storyboardc/01J-lp-oVM-view-Ze5-6b-2t3.nib
2024-10-23 07:32:41 +0000  copying file ./BootSplash.storyboardc/UIViewController-01J-lp-oVM.nib ... 
2024-10-23 07:32:41 +0000  950 bytes for ./BootSplash.storyboardc/UIViewController-01J-lp-oVM.nib
2024-10-23 07:32:41 +0000  copying file ./BootSplash.storyboardc/Info.plist ... 
2024-10-23 07:32:41 +0000  258 bytes for ./BootSplash.storyboardc/Info.plist
2024-10-23 07:32:41 +0000  copying file ./rnCliApp ... 
2024-10-23 07:32:41 +0000  15237056 bytes for ./rnCliApp
2024-10-23 07:32:41 +0000  copying file ./Frameworks/WebRTC.framework/_CodeSignature/CodeResources ... 
1798 bytes for ./Frameworks/WebRTC.framework/_CodeSignature/CodeResources
copying file ./Frameworks/WebRTC.framework/WebRTC ... 
2024-10-23 07:32:41 +0000  8083920 bytes for ./Frameworks/WebRTC.framework/WebRTC
2024-10-23 07:32:41 +0000  copying file ./Frameworks/WebRTC.framework/Info.plist ... 
751 bytes for ./Frameworks/WebRTC.framework/Info.plist
copying file ./Frameworks/hermes.framework/_CodeSignature/CodeResources ... 
1798 bytes for ./Frameworks/hermes.framework/_CodeSignature/CodeResources
copying file ./Frameworks/hermes.framework/hermes ... 
2024-10-23 07:32:41 +0000  4444944 bytes for ./Frameworks/hermes.framework/hermes
2024-10-23 07:32:41 +0000  copying file ./Frameworks/hermes.framework/Info.plist ... 
815 bytes for ./Frameworks/hermes.framework/Info.plist
copying file ./SimpleLineIcons.ttf ... 
54056 bytes for ./SimpleLineIcons.ttf
copying file ./FontAwesome6_Brands.ttf ... 
2024-10-23 07:32:41 +0000  189684 bytes for ./FontAwesome6_Brands.ttf
2024-10-23 07:32:41 +0000  copying file ./embedded.mobileprovision ... 
2024-10-23 07:32:41 +0000  14607 bytes for ./embedded.mobileprovision
2024-10-23 07:32:41 +0000  copying file ./assets/node_modules/@react-navigation/elements/src/assets/back-icon@3x.png ... 
2024-10-23 07:32:41 +0000  761 bytes for ./assets/node_modules/@react-navigation/elements/src/assets/back-icon@3x.png
2024-10-23 07:32:41 +0000  copying file ./assets/node_modules/@react-navigation/elements/src/assets/back-icon@2x.png ... 
2024-10-23 07:32:41 +0000  405 bytes for ./assets/node_modules/@react-navigation/elements/src/assets/back-icon@2x.png
2024-10-23 07:32:41 +0000  copying file ./assets/node_modules/@react-navigation/elements/src/assets/back-icon.png ... 
2024-10-23 07:32:41 +0000  290 bytes for ./assets/node_modules/@react-navigation/elements/src/assets/back-icon.png
2024-10-23 07:32:41 +0000  copying file ./assets/node_modules/@react-navigation/elements/src/assets/back-icon-mask.png ... 
2024-10-23 07:32:41 +0000  913 bytes for ./assets/node_modules/@react-navigation/elements/src/assets/back-icon-mask.png
2024-10-23 07:32:41 +0000  copying file ./assets/node_modules/react-native-paper/src/assets/back-chevron.png ... 
2024-10-23 07:32:41 +0000  489 bytes for ./assets/node_modules/react-native-paper/src/assets/back-chevron.png
2024-10-23 07:32:41 +0000  copying file ./assets/assets/images/iconPassword.png ... 
2024-10-23 07:32:41 +0000  4846 bytes for ./assets/assets/images/iconPassword.png
2024-10-23 07:32:41 +0000  copying file ./assets/assets/images/iconAccount.png ... 
2024-10-23 07:32:41 +0000  5277 bytes for ./assets/assets/images/iconAccount.png
2024-10-23 07:32:41 +0000  copying file ./assets/assets/images/logoApp.png ... 
2024-10-23 07:32:41 +0000  21724 bytes for ./assets/assets/images/logoApp.png
2024-10-23 07:32:41 +0000  copying file ./Info.plist ... 
2024-10-23 07:32:41 +0000  3623 bytes for ./Info.plist
2024-10-23 07:32:41 +0000  copying file ./PkgInfo ... 
2024-10-23 07:32:41 +0000  8 bytes for ./PkgInfo
2024-10-23 07:32:41 +0000  copying file ./MaterialIcons.ttf ... 
2024-10-23 07:32:41 +0000  356840 bytes for ./MaterialIcons.ttf
2024-10-23 07:32:41 +0000  /usr/bin/ditto exited with 0
2024-10-23 07:32:41 +0000  Processing step: IDEDistributionEmbedProfileStep
2024-10-23 07:32:41 +0000  Skipping profile for item: <IDEDistributionItem: 0x600233845500; bundleID='org.webrtc.WebRTC', path='<DVTFilePath:0x6000cf4a9960:'/Users/user/Library/Developer/Xcode/Archives/2024-10-23/rnCliApp 10-23-24, 4.22 PM.xcarchive/Products/Applications/rnCliApp.app/Frameworks/WebRTC.framework'>', codeSigningInfo='<_DVTCodeSigningInformation_Path: 0x6000b3df00f0; isSigned='1', isAdHocSigned='0', signingCertificate='<DVTSigningCertificate: 0x60004e958b40; name='Apple Development: TAM LE THI (YXB6VDGC8Z)', hash='40AA1B1DE18AA68A6F0C5CCFD20C6B4E28DF87BD', serialNumber='48F52E8AF2E7B3D2429ABE9D38907BB6', certificateKinds='(
    "1.2.840.113635.100.6.1.12",
    "1.2.840.113635.100.6.1.2"
), issueDate='2024-10-18 03:03:29 +0000''>', entitlements='(null)', teamID='SJP2LCFYZZ', identifier='org.webrtc.WebRTC', executablePath='<DVTFilePath:0x60022f6bb9c0:'/Users/user/Library/Developer/Xcode/Archives/2024-10-23/rnCliApp 10-23-24, 4.22 PM.xcarchive/Products/Applications/rnCliApp.app/Frameworks/WebRTC.framework/WebRTC'>', hardenedRuntime='0'>'>
2024-10-23 07:32:41 +0000  Skipping profile for item: <IDEDistributionItem: 0x6002338454a0; bundleID='dev.hermesengine.iphoneos', path='<DVTFilePath:0x6000cf4a97a0:'/Users/user/Library/Developer/Xcode/Archives/2024-10-23/rnCliApp 10-23-24, 4.22 PM.xcarchive/Products/Applications/rnCliApp.app/Frameworks/hermes.framework'>', codeSigningInfo='<_DVTCodeSigningInformation_Path: 0x6000b3a048c0; isSigned='1', isAdHocSigned='0', signingCertificate='<DVTSigningCertificate: 0x60004e958b40; name='Apple Development: TAM LE THI (YXB6VDGC8Z)', hash='40AA1B1DE18AA68A6F0C5CCFD20C6B4E28DF87BD', serialNumber='48F52E8AF2E7B3D2429ABE9D38907BB6', certificateKinds='(
    "1.2.840.113635.100.6.1.12",
    "1.2.840.113635.100.6.1.2"
), issueDate='2024-10-18 03:03:29 +0000''>', entitlements='(null)', teamID='SJP2LCFYZZ', identifier='dev.hermesengine.iphoneos', executablePath='<DVTFilePath:0x60022f6bb360:'/Users/user/Library/Developer/Xcode/Archives/2024-10-23/rnCliApp 10-23-24, 4.22 PM.xcarchive/Products/Applications/rnCliApp.app/Frameworks/hermes.framework/hermes'>', hardenedRuntime='0'>'>
2024-10-23 07:32:41 +0000  Processing step: IDEDistributionInfoPlistStep
2024-10-23 07:32:41 +0000  Skipping step: IDEDistributionInfoPlistStep because it said so
2024-10-23 07:32:41 +0000  Skipping step: IDEDistributionInfoPlistStep because it said so
2024-10-23 07:32:41 +0000  Skipping step: IDEDistributionInfoPlistStep because it said so
2024-10-23 07:32:41 +0000  Processing step: IDEDistributionAppThinningPlistStep
2024-10-23 07:32:41 +0000  Skipping step: IDEDistributionAppThinningPlistStep because it said so
2024-10-23 07:32:41 +0000  Processing step: IDEDistributionSymbolsStep
2024-10-23 07:32:41 +0000  Skipping step: IDEDistributionSymbolsStep because it said so
2024-10-23 07:32:41 +0000  Processing step: IDEDistributionAppThinningStep
2024-10-23 07:32:41 +0000  Skipping step: IDEDistributionAppThinningStep because it said so
2024-10-23 07:32:41 +0000  Processing step: IDEDistributionArchThinningStep
2024-10-23 07:32:41 +0000  Item /Users/user/Library/Developer/Xcode/Archives/2024-10-23/rnCliApp 10-23-24, 4.22 PM.xcarchive/Products/Applications/rnCliApp.app/Frameworks/WebRTC.framework doesn't have the entitlement com.apple.developer.web-browser-engine.host enabled, returning ["arm64e"]
2024-10-23 07:32:41 +0000  Archs to thin for item /Users/user/Library/Developer/Xcode/Archives/2024-10-23/rnCliApp 10-23-24, 4.22 PM.xcarchive/Products/Applications/rnCliApp.app/Frameworks/WebRTC.framework are ["arm64e"]
2024-10-23 07:32:41 +0000  Running /Applications/Xcode.app/Contents/Developer/Toolchains/XcodeDefault.xctoolchain/usr/bin/lipo '/var/folders/1j/37x8r7x94v7gl3vfflf3bsd00000gn/T/XcodeDistPipeline.~~~jfSsFO/Root/Payload/rnCliApp.app/Frameworks/WebRTC.framework/WebRTC' '-verify_arch' 'arm64e'
2024-10-23 07:32:41 +0000  /Applications/Xcode.app/Contents/Developer/Toolchains/XcodeDefault.xctoolchain/usr/bin/lipo exited with 1
2024-10-23 07:32:41 +0000  Skipping architecture thinning for item "WebRTC" because arch "arm64e" wasn't found
2024-10-23 07:32:41 +0000  Item /Users/user/Library/Developer/Xcode/Archives/2024-10-23/rnCliApp 10-23-24, 4.22 PM.xcarchive/Products/Applications/rnCliApp.app/Frameworks/hermes.framework doesn't have the entitlement com.apple.developer.web-browser-engine.host enabled, returning ["arm64e"]
2024-10-23 07:32:41 +0000  Archs to thin for item /Users/user/Library/Developer/Xcode/Archives/2024-10-23/rnCliApp 10-23-24, 4.22 PM.xcarchive/Products/Applications/rnCliApp.app/Frameworks/hermes.framework are ["arm64e"]
2024-10-23 07:32:41 +0000  Running /Applications/Xcode.app/Contents/Developer/Toolchains/XcodeDefault.xctoolchain/usr/bin/lipo '/var/folders/1j/37x8r7x94v7gl3vfflf3bsd00000gn/T/XcodeDistPipeline.~~~jfSsFO/Root/Payload/rnCliApp.app/Frameworks/hermes.framework/hermes' '-verify_arch' 'arm64e'
2024-10-23 07:32:41 +0000  /Applications/Xcode.app/Contents/Developer/Toolchains/XcodeDefault.xctoolchain/usr/bin/lipo exited with 1
2024-10-23 07:32:41 +0000  Skipping architecture thinning for item "hermes" because arch "arm64e" wasn't found
2024-10-23 07:32:41 +0000  Item /Users/user/Library/Developer/Xcode/Archives/2024-10-23/rnCliApp 10-23-24, 4.22 PM.xcarchive/Products/Applications/rnCliApp.app doesn't have the entitlement com.apple.developer.web-browser-engine.host enabled, returning ["arm64e"]
2024-10-23 07:32:41 +0000  Archs to thin for item /Users/user/Library/Developer/Xcode/Archives/2024-10-23/rnCliApp 10-23-24, 4.22 PM.xcarchive/Products/Applications/rnCliApp.app are ["arm64e"]
2024-10-23 07:32:41 +0000  Running /Applications/Xcode.app/Contents/Developer/Toolchains/XcodeDefault.xctoolchain/usr/bin/lipo '/var/folders/1j/37x8r7x94v7gl3vfflf3bsd00000gn/T/XcodeDistPipeline.~~~jfSsFO/Root/Payload/rnCliApp.app/rnCliApp' '-verify_arch' 'arm64e'
2024-10-23 07:32:41 +0000  /Applications/Xcode.app/Contents/Developer/Toolchains/XcodeDefault.xctoolchain/usr/bin/lipo exited with 1
2024-10-23 07:32:41 +0000  Skipping architecture thinning for item "rnCliApp" because arch "arm64e" wasn't found
2024-10-23 07:32:41 +0000  Processing step: IDEDistributionODRStep
2024-10-23 07:32:41 +0000  Processing step: IDEDistributionStripXattrsStep
2024-10-23 07:32:41 +0000  Skipping stripping extended attributes because the codesign step will strip them.
2024-10-23 07:32:41 +0000  Skipping stripping extended attributes because the codesign step will strip them.
2024-10-23 07:32:41 +0000  Skipping stripping extended attributes because the codesign step will strip them.
2024-10-23 07:32:41 +0000  Processing step: IDEDistributionCodesignStep
2024-10-23 07:32:41 +0000  Entitlements for <IDEDistributionItem: 0x600233845500; bundleID='org.webrtc.WebRTC', path='<DVTFilePath:0x6000cf4a9960:'/Users/user/Library/Developer/Xcode/Archives/2024-10-23/rnCliApp 10-23-24, 4.22 PM.xcarchive/Products/Applications/rnCliApp.app/Frameworks/WebRTC.framework'>', codeSigningInfo='<_DVTCodeSigningInformation_Path: 0x6000b3df00f0; isSigned='1', isAdHocSigned='0', signingCertificate='<DVTSigningCertificate: 0x60004e959080; name='Apple Development: TAM LE THI (YXB6VDGC8Z)', hash='40AA1B1DE18AA68A6F0C5CCFD20C6B4E28DF87BD', serialNumber='48F52E8AF2E7B3D2429ABE9D38907BB6', certificateKinds='(
    "1.2.840.113635.100.6.1.12",
    "1.2.840.113635.100.6.1.2"
), issueDate='2024-10-18 03:03:29 +0000''>', entitlements='(null)', teamID='SJP2LCFYZZ', identifier='org.webrtc.WebRTC', executablePath='<DVTFilePath:0x60022f6bb9c0:'/Users/user/Library/Developer/Xcode/Archives/2024-10-23/rnCliApp 10-23-24, 4.22 PM.xcarchive/Products/Applications/rnCliApp.app/Frameworks/WebRTC.framework/WebRTC'>', hardenedRuntime='0'>'>: {
}
2024-10-23 07:32:41 +0000  Associated App Clip Identifiers Filter: Skipping because "com.apple.developer.associated-appclip-app-identifiers" is not present
2024-10-23 07:32:41 +0000  Entitlements for <IDEDistributionItem: 0x600233845500; bundleID='org.webrtc.WebRTC', path='<DVTFilePath:0x6000cf4a9960:'/Users/user/Library/Developer/Xcode/Archives/2024-10-23/rnCliApp 10-23-24, 4.22 PM.xcarchive/Products/Applications/rnCliApp.app/Frameworks/WebRTC.framework'>', codeSigningInfo='<_DVTCodeSigningInformation_Path: 0x6000b3df00f0; isSigned='1', isAdHocSigned='0', signingCertificate='<DVTSigningCertificate: 0x60004e958240; name='Apple Development: TAM LE THI (YXB6VDGC8Z)', hash='40AA1B1DE18AA68A6F0C5CCFD20C6B4E28DF87BD', serialNumber='48F52E8AF2E7B3D2429ABE9D38907BB6', certificateKinds='(
    "1.2.840.113635.100.6.1.12",
    "1.2.840.113635.100.6.1.2"
), issueDate='2024-10-18 03:03:29 +0000''>', entitlements='(null)', teamID='SJP2LCFYZZ', identifier='org.webrtc.WebRTC', executablePath='<DVTFilePath:0x60022f6bb9c0:'/Users/user/Library/Developer/Xcode/Archives/2024-10-23/rnCliApp 10-23-24, 4.22 PM.xcarchive/Products/Applications/rnCliApp.app/Frameworks/WebRTC.framework/WebRTC'>', hardenedRuntime='0'>'> are: {
}
2024-10-23 07:32:41 +0000  Writing entitlements for <IDEDistributionItem: 0x600233845500; bundleID='org.webrtc.WebRTC', path='<DVTFilePath:0x6000cf4a9960:'/Users/user/Library/Developer/Xcode/Archives/2024-10-23/rnCliApp 10-23-24, 4.22 PM.xcarchive/Products/Applications/rnCliApp.app/Frameworks/WebRTC.framework'>', codeSigningInfo='<_DVTCodeSigningInformation_Path: 0x6000b3df00f0; isSigned='1', isAdHocSigned='0', signingCertificate='<DVTSigningCertificate: 0x60004e955380; name='Apple Development: TAM LE THI (YXB6VDGC8Z)', hash='40AA1B1DE18AA68A6F0C5CCFD20C6B4E28DF87BD', serialNumber='48F52E8AF2E7B3D2429ABE9D38907BB6', certificateKinds='(
    "1.2.840.113635.100.6.1.12",
    "1.2.840.113635.100.6.1.2"
), issueDate='2024-10-18 03:03:29 +0000''>', entitlements='(null)', teamID='SJP2LCFYZZ', identifier='org.webrtc.WebRTC', executablePath='<DVTFilePath:0x60022f6bb9c0:'/Users/user/Library/Developer/Xcode/Archives/2024-10-23/rnCliApp 10-23-24, 4.22 PM.xcarchive/Products/Applications/rnCliApp.app/Frameworks/WebRTC.framework/WebRTC'>', hardenedRuntime='0'>'> to: /var/folders/1j/37x8r7x94v7gl3vfflf3bsd00000gn/T/XcodeDistPipeline.~~~jfSsFO/entitlements~~~AVlroE
2024-10-23 07:32:41 +0000  invoking codesign: <NSConcreteTask: 0x6000b3a1c2d0; launchPath='/usr/bin/codesign', arguments='(
    "-f",
    "-s",
    40AA1B1DE18AA68A6F0C5CCFD20C6B4E28DF87BD,
    "--entitlements",
    "/var/folders/1j/37x8r7x94v7gl3vfflf3bsd00000gn/T/XcodeDistPipeline.~~~jfSsFO/entitlements~~~AVlroE",
    "--preserve-metadata=identifier,flags,runtime",
    "--generate-entitlement-der",
    "--strip-disallowed-xattrs",
    "-vvv",
    "/var/folders/1j/37x8r7x94v7gl3vfflf3bsd00000gn/T/XcodeDistPipeline.~~~jfSsFO/Root/Payload/rnCliApp.app/Frameworks/WebRTC.framework"
)'>
2024-10-23 07:32:46 +0000  codesign output: /var/folders/1j/37x8r7x94v7gl3vfflf3bsd00000gn/T/XcodeDistPipeline.~~~jfSsFO/Root/Payload/rnCliApp.app/Frameworks/WebRTC.framework: replacing existing signature
/var/folders/1j/37x8r7x94v7gl3vfflf3bsd00000gn/T/XcodeDistPipeline.~~~jfSsFO/Root/Payload/rnCliApp.app/Frameworks/WebRTC.framework: signed bundle with Mach-O universal (arm64) [org.webrtc.WebRTC]
2024-10-23 07:32:46 +0000  Entitlements for <IDEDistributionItem: 0x6002338454a0; bundleID='dev.hermesengine.iphoneos', path='<DVTFilePath:0x6000cf4a97a0:'/Users/user/Library/Developer/Xcode/Archives/2024-10-23/rnCliApp 10-23-24, 4.22 PM.xcarchive/Products/Applications/rnCliApp.app/Frameworks/hermes.framework'>', codeSigningInfo='<_DVTCodeSigningInformation_Path: 0x6000b3a048c0; isSigned='1', isAdHocSigned='0', signingCertificate='<DVTSigningCertificate: 0x60004e931800; name='Apple Development: TAM LE THI (YXB6VDGC8Z)', hash='40AA1B1DE18AA68A6F0C5CCFD20C6B4E28DF87BD', serialNumber='48F52E8AF2E7B3D2429ABE9D38907BB6', certificateKinds='(
    "1.2.840.113635.100.6.1.12",
    "1.2.840.113635.100.6.1.2"
), issueDate='2024-10-18 03:03:29 +0000''>', entitlements='(null)', teamID='SJP2LCFYZZ', identifier='dev.hermesengine.iphoneos', executablePath='<DVTFilePath:0x60022f6bb360:'/Users/user/Library/Developer/Xcode/Archives/2024-10-23/rnCliApp 10-23-24, 4.22 PM.xcarchive/Products/Applications/rnCliApp.app/Frameworks/hermes.framework/hermes'>', hardenedRuntime='0'>'>: {
}
2024-10-23 07:32:46 +0000  Associated App Clip Identifiers Filter: Skipping because "com.apple.developer.associated-appclip-app-identifiers" is not present
2024-10-23 07:32:46 +0000  Entitlements for <IDEDistributionItem: 0x6002338454a0; bundleID='dev.hermesengine.iphoneos', path='<DVTFilePath:0x6000cf4a97a0:'/Users/user/Library/Developer/Xcode/Archives/2024-10-23/rnCliApp 10-23-24, 4.22 PM.xcarchive/Products/Applications/rnCliApp.app/Frameworks/hermes.framework'>', codeSigningInfo='<_DVTCodeSigningInformation_Path: 0x6000b3a048c0; isSigned='1', isAdHocSigned='0', signingCertificate='<DVTSigningCertificate: 0x60004a901a40; name='Apple Development: TAM LE THI (YXB6VDGC8Z)', hash='40AA1B1DE18AA68A6F0C5CCFD20C6B4E28DF87BD', serialNumber='48F52E8AF2E7B3D2429ABE9D38907BB6', certificateKinds='(
    "1.2.840.113635.100.6.1.12",
    "1.2.840.113635.100.6.1.2"
), issueDate='2024-10-18 03:03:29 +0000''>', entitlements='(null)', teamID='SJP2LCFYZZ', identifier='dev.hermesengine.iphoneos', executablePath='<DVTFilePath:0x60022f6bb360:'/Users/user/Library/Developer/Xcode/Archives/2024-10-23/rnCliApp 10-23-24, 4.22 PM.xcarchive/Products/Applications/rnCliApp.app/Frameworks/hermes.framework/hermes'>', hardenedRuntime='0'>'> are: {
}
2024-10-23 07:32:46 +0000  Writing entitlements for <IDEDistributionItem: 0x6002338454a0; bundleID='dev.hermesengine.iphoneos', path='<DVTFilePath:0x6000cf4a97a0:'/Users/user/Library/Developer/Xcode/Archives/2024-10-23/rnCliApp 10-23-24, 4.22 PM.xcarchive/Products/Applications/rnCliApp.app/Frameworks/hermes.framework'>', codeSigningInfo='<_DVTCodeSigningInformation_Path: 0x6000b3a048c0; isSigned='1', isAdHocSigned='0', signingCertificate='<DVTSigningCertificate: 0x60004a900900; name='Apple Development: TAM LE THI (YXB6VDGC8Z)', hash='40AA1B1DE18AA68A6F0C5CCFD20C6B4E28DF87BD', serialNumber='48F52E8AF2E7B3D2429ABE9D38907BB6', certificateKinds='(
    "1.2.840.113635.100.6.1.12",
    "1.2.840.113635.100.6.1.2"
), issueDate='2024-10-18 03:03:29 +0000''>', entitlements='(null)', teamID='SJP2LCFYZZ', identifier='dev.hermesengine.iphoneos', executablePath='<DVTFilePath:0x60022f6bb360:'/Users/user/Library/Developer/Xcode/Archives/2024-10-23/rnCliApp 10-23-24, 4.22 PM.xcarchive/Products/Applications/rnCliApp.app/Frameworks/hermes.framework/hermes'>', hardenedRuntime='0'>'> to: /var/folders/1j/37x8r7x94v7gl3vfflf3bsd00000gn/T/XcodeDistPipeline.~~~jfSsFO/entitlements~~~CS9svQ
2024-10-23 07:32:46 +0000  invoking codesign: <NSConcreteTask: 0x60005fc9ae40; launchPath='/usr/bin/codesign', arguments='(
    "-f",
    "-s",
    40AA1B1DE18AA68A6F0C5CCFD20C6B4E28DF87BD,
    "--entitlements",
    "/var/folders/1j/37x8r7x94v7gl3vfflf3bsd00000gn/T/XcodeDistPipeline.~~~jfSsFO/entitlements~~~CS9svQ",
    "--preserve-metadata=identifier,flags,runtime",
    "--generate-entitlement-der",
    "--strip-disallowed-xattrs",
    "-vvv",
    "/var/folders/1j/37x8r7x94v7gl3vfflf3bsd00000gn/T/XcodeDistPipeline.~~~jfSsFO/Root/Payload/rnCliApp.app/Frameworks/hermes.framework"
)'>
2024-10-23 07:32:48 +0000  codesign output: /var/folders/1j/37x8r7x94v7gl3vfflf3bsd00000gn/T/XcodeDistPipeline.~~~jfSsFO/Root/Payload/rnCliApp.app/Frameworks/hermes.framework: replacing existing signature
/var/folders/1j/37x8r7x94v7gl3vfflf3bsd00000gn/T/XcodeDistPipeline.~~~jfSsFO/Root/Payload/rnCliApp.app/Frameworks/hermes.framework: signed bundle with Mach-O thin (arm64) [dev.hermesengine.iphoneos]
2024-10-23 07:32:48 +0000  Entitlements for <IDEDistributionItem: 0x600233858000; bundleID='org.reactjs.native.example.rnCliApp', path='<DVTFilePath:0x60022f6b6400:'/Users/user/Library/Developer/Xcode/Archives/2024-10-23/rnCliApp 10-23-24, 4.22 PM.xcarchive/Products/Applications/rnCliApp.app'>', codeSigningInfo='<_DVTCodeSigningInformation_Path: 0x6000b3dcd310; isSigned='1', isAdHocSigned='0', signingCertificate='<DVTSigningCertificate: 0x6000029c21c0; name='Apple Development: TAM LE THI (YXB6VDGC8Z)', hash='40AA1B1DE18AA68A6F0C5CCFD20C6B4E28DF87BD', serialNumber='48F52E8AF2E7B3D2429ABE9D38907BB6', certificateKinds='(
    "1.2.840.113635.100.6.1.12",
    "1.2.840.113635.100.6.1.2"
), issueDate='2024-10-18 03:03:29 +0000''>', entitlements='{
    "application-identifier" = "SJP2LCFYZZ.org.reactjs.native.example.rnCliApp";
    "aps-environment" = development;
    "com.apple.developer.team-identifier" = SJP2LCFYZZ;
    "get-task-allow" = 1;
}', teamID='SJP2LCFYZZ', identifier='org.reactjs.native.example.rnCliApp', executablePath='<DVTFilePath:0x60022f6b36c0:'/Users/user/Library/Developer/Xcode/Archives/2024-10-23/rnCliApp 10-23-24, 4.22 PM.xcarchive/Products/Applications/rnCliApp.app/rnCliApp'>', hardenedRuntime='0'>'>: {
    "application-identifier" = "SJP2LCFYZZ.org.reactjs.native.example.rnCliApp";
    "aps-environment" = development;
    "com.apple.developer.team-identifier" = SJP2LCFYZZ;
    "get-task-allow" = 1;
}
2024-10-23 07:32:48 +0000  Associated App Clip Identifiers Filter: Skipping because "com.apple.developer.associated-appclip-app-identifiers" is not present
2024-10-23 07:32:48 +0000  Entitlements for <IDEDistributionItem: 0x600233858000; bundleID='org.reactjs.native.example.rnCliApp', path='<DVTFilePath:0x60022f6b6400:'/Users/user/Library/Developer/Xcode/Archives/2024-10-23/rnCliApp 10-23-24, 4.22 PM.xcarchive/Products/Applications/rnCliApp.app'>', codeSigningInfo='<_DVTCodeSigningInformation_Path: 0x6000b3dcd310; isSigned='1', isAdHocSigned='0', signingCertificate='<DVTSigningCertificate: 0x60001a63bd80; name='Apple Development: TAM LE THI (YXB6VDGC8Z)', hash='40AA1B1DE18AA68A6F0C5CCFD20C6B4E28DF87BD', serialNumber='48F52E8AF2E7B3D2429ABE9D38907BB6', certificateKinds='(
    "1.2.840.113635.100.6.1.12",
    "1.2.840.113635.100.6.1.2"
), issueDate='2024-10-18 03:03:29 +0000''>', entitlements='{
    "application-identifier" = "SJP2LCFYZZ.org.reactjs.native.example.rnCliApp";
    "aps-environment" = development;
    "com.apple.developer.team-identifier" = SJP2LCFYZZ;
    "get-task-allow" = 1;
}', teamID='SJP2LCFYZZ', identifier='org.reactjs.native.example.rnCliApp', executablePath='<DVTFilePath:0x60022f6b36c0:'/Users/user/Library/Developer/Xcode/Archives/2024-10-23/rnCliApp 10-23-24, 4.22 PM.xcarchive/Products/Applications/rnCliApp.app/rnCliApp'>', hardenedRuntime='0'>'> are: {
    "application-identifier" = "SJP2LCFYZZ.org.reactjs.native.example.rnCliApp";
    "aps-environment" = development;
    "com.apple.developer.team-identifier" = SJP2LCFYZZ;
    "get-task-allow" = 1;
}
2024-10-23 07:32:48 +0000  Writing entitlements for <IDEDistributionItem: 0x600233858000; bundleID='org.reactjs.native.example.rnCliApp', path='<DVTFilePath:0x60022f6b6400:'/Users/user/Library/Developer/Xcode/Archives/2024-10-23/rnCliApp 10-23-24, 4.22 PM.xcarchive/Products/Applications/rnCliApp.app'>', codeSigningInfo='<_DVTCodeSigningInformation_Path: 0x6000b3dcd310; isSigned='1', isAdHocSigned='0', signingCertificate='<DVTSigningCertificate: 0x6000029e9a40; name='Apple Development: TAM LE THI (YXB6VDGC8Z)', hash='40AA1B1DE18AA68A6F0C5CCFD20C6B4E28DF87BD', serialNumber='48F52E8AF2E7B3D2429ABE9D38907BB6', certificateKinds='(
    "1.2.840.113635.100.6.1.12",
    "1.2.840.113635.100.6.1.2"
), issueDate='2024-10-18 03:03:29 +0000''>', entitlements='{
    "application-identifier" = "SJP2LCFYZZ.org.reactjs.native.example.rnCliApp";
    "aps-environment" = development;
    "com.apple.developer.team-identifier" = SJP2LCFYZZ;
    "get-task-allow" = 1;
}', teamID='SJP2LCFYZZ', identifier='org.reactjs.native.example.rnCliApp', executablePath='<DVTFilePath:0x60022f6b36c0:'/Users/user/Library/Developer/Xcode/Archives/2024-10-23/rnCliApp 10-23-24, 4.22 PM.xcarchive/Products/Applications/rnCliApp.app/rnCliApp'>', hardenedRuntime='0'>'> to: /var/folders/1j/37x8r7x94v7gl3vfflf3bsd00000gn/T/XcodeDistPipeline.~~~jfSsFO/entitlements~~~iiuH9j
2024-10-23 07:32:48 +0000  invoking codesign: <NSConcreteTask: 0x6000b3a07070; launchPath='/usr/bin/codesign', arguments='(
    "-f",
    "-s",
    40AA1B1DE18AA68A6F0C5CCFD20C6B4E28DF87BD,
    "--entitlements",
    "/var/folders/1j/37x8r7x94v7gl3vfflf3bsd00000gn/T/XcodeDistPipeline.~~~jfSsFO/entitlements~~~iiuH9j",
    "--preserve-metadata=identifier,flags,runtime",
    "--generate-entitlement-der",
    "--strip-disallowed-xattrs",
    "-vvv",
    "/var/folders/1j/37x8r7x94v7gl3vfflf3bsd00000gn/T/XcodeDistPipeline.~~~jfSsFO/Root/Payload/rnCliApp.app"
)'>
2024-10-23 07:32:50 +0000  codesign output: /var/folders/1j/37x8r7x94v7gl3vfflf3bsd00000gn/T/XcodeDistPipeline.~~~jfSsFO/Root/Payload/rnCliApp.app: replacing existing signature
/var/folders/1j/37x8r7x94v7gl3vfflf3bsd00000gn/T/XcodeDistPipeline.~~~jfSsFO/Root/Payload/rnCliApp.app: signed app bundle with Mach-O thin (arm64) [org.reactjs.native.example.rnCliApp]
2024-10-23 07:32:50 +0000  Processing step: IDEDistributionZipODRItemStep
2024-10-23 07:32:50 +0000  Skipping step: IDEDistributionZipODRItemStep because it said so
2024-10-23 07:32:50 +0000  Skipping step: IDEDistributionZipODRItemStep because it said so
2024-10-23 07:32:50 +0000  Skipping step: IDEDistributionZipODRItemStep because it said so
2024-10-23 07:32:50 +0000  Processing step: IDEDistributionCreateIPAStep
2024-10-23 07:32:50 +0000  Running /usr/bin/ditto '-V' '-c' '-k' '--norsrc' '/var/folders/1j/37x8r7x94v7gl3vfflf3bsd00000gn/T/XcodeDistPipeline.~~~jfSsFO/Root' '/var/folders/1j/37x8r7x94v7gl3vfflf3bsd00000gn/T/XcodeDistPipeline.~~~jfSsFO/Packages/rnCliApp.ipa'
2024-10-23 07:32:50 +0000  >>> Copying /var/folders/1j/37x8r7x94v7gl3vfflf3bsd00000gn/T/XcodeDistPipeline.~~~jfSsFO/Root 
2024-10-23 07:32:50 +0000  copying file ./Payload/rnCliApp.app/_CodeSignature/CodeResources ... 
2024-10-23 07:32:50 +0000  47154 bytes for ./Payload/rnCliApp.app/_CodeSignature/CodeResources
2024-10-23 07:32:50 +0000  copying file ./Payload/rnCliApp.app/Fontisto.ttf ... 
2024-10-23 07:32:50 +0000  313528 bytes for ./Payload/rnCliApp.app/Fontisto.ttf
2024-10-23 07:32:50 +0000  copying file ./Payload/rnCliApp.app/Octicons.ttf ... 
2024-10-23 07:32:50 +0000  49404 bytes for ./Payload/rnCliApp.app/Octicons.ttf
2024-10-23 07:32:50 +0000  copying file ./Payload/rnCliApp.app/Feather.ttf ... 
2024-10-23 07:32:50 +0000  56228 bytes for ./Payload/rnCliApp.app/Feather.ttf
2024-10-23 07:32:50 +0000  copying file ./Payload/rnCliApp.app/FontAwesome6_Regular.ttf ... 
2024-10-23 07:32:50 +0000  63348 bytes for ./Payload/rnCliApp.app/FontAwesome6_Regular.ttf
2024-10-23 07:32:50 +0000  copying file ./Payload/rnCliApp.app/Entypo.ttf ... 
2024-10-23 07:32:50 +0000  66200 bytes for ./Payload/rnCliApp.app/Entypo.ttf
2024-10-23 07:32:50 +0000  copying file ./Payload/rnCliApp.app/gRPCCertificates-Cpp.bundle/roots.pem ... 
2024-10-23 07:32:50 +0000  264440 bytes for ./Payload/rnCliApp.app/gRPCCertificates-Cpp.bundle/roots.pem
2024-10-23 07:32:50 +0000  copying file ./Payload/rnCliApp.app/gRPCCertificates-Cpp.bundle/Info.plist ... 
789 bytes for ./Payload/rnCliApp.app/gRPCCertificates-Cpp.bundle/Info.plist
2024-10-23 07:32:50 +0000  copying file ./Payload/rnCliApp.app/FontAwesome5_Brands.ttf ... 
2024-10-23 07:32:50 +0000  134040 bytes for ./Payload/rnCliApp.app/FontAwesome5_Brands.ttf
2024-10-23 07:32:50 +0000  copying file ./Payload/rnCliApp.app/MaterialCommunityIcons.ttf ... 
2024-10-23 07:32:50 +0000  1147844 bytes for ./Payload/rnCliApp.app/MaterialCommunityIcons.ttf
2024-10-23 07:32:50 +0000  copying file ./Payload/rnCliApp.app/FBLPromises_Privacy.bundle/PrivacyInfo.xcprivacy ... 
2024-10-23 07:32:50 +0000  373 bytes for ./Payload/rnCliApp.app/FBLPromises_Privacy.bundle/PrivacyInfo.xcprivacy
2024-10-23 07:32:50 +0000  copying file ./Payload/rnCliApp.app/FBLPromises_Privacy.bundle/Info.plist ... 
2024-10-23 07:32:50 +0000  786 bytes for ./Payload/rnCliApp.app/FBLPromises_Privacy.bundle/Info.plist
2024-10-23 07:32:50 +0000  copying file ./Payload/rnCliApp.app/AppIcon60x60@2x.png ... 
2024-10-23 07:32:50 +0000  5694 bytes for ./Payload/rnCliApp.app/AppIcon60x60@2x.png
2024-10-23 07:32:50 +0000  copying file ./Payload/rnCliApp.app/AntDesign.ttf ... 
2024-10-23 07:32:50 +0000  70344 bytes for ./Payload/rnCliApp.app/AntDesign.ttf
2024-10-23 07:32:50 +0000  copying file ./Payload/rnCliApp.app/Foundation.ttf ... 
2024-10-23 07:32:50 +0000  56976 bytes for ./Payload/rnCliApp.app/Foundation.ttf
2024-10-23 07:32:50 +0000  copying file ./Payload/rnCliApp.app/Ionicons.ttf ... 
2024-10-23 07:32:50 +0000  442604 bytes for ./Payload/rnCliApp.app/Ionicons.ttf
2024-10-23 07:32:50 +0000  copying file ./Payload/rnCliApp.app/FontAwesome5_Solid.ttf ... 
2024-10-23 07:32:50 +0000  202744 bytes for ./Payload/rnCliApp.app/FontAwesome5_Solid.ttf
2024-10-23 07:32:50 +0000  copying file ./Payload/rnCliApp.app/FirebaseCoreInternal_Privacy.bundle/PrivacyInfo.xcprivacy ... 
2024-10-23 07:32:50 +0000  855 bytes for ./Payload/rnCliApp.app/FirebaseCoreInternal_Privacy.bundle/PrivacyInfo.xcprivacy
2024-10-23 07:32:50 +0000  copying file ./Payload/rnCliApp.app/FirebaseCoreInternal_Privacy.bundle/Info.plist ... 
2024-10-23 07:32:50 +0000  807 bytes for ./Payload/rnCliApp.app/FirebaseCoreInternal_Privacy.bundle/Info.plist
2024-10-23 07:32:50 +0000  copying file ./Payload/rnCliApp.app/GoogleDataTransport_Privacy.bundle/PrivacyInfo.xcprivacy ... 
2024-10-23 07:32:50 +0000  1105 bytes for ./Payload/rnCliApp.app/GoogleDataTransport_Privacy.bundle/PrivacyInfo.xcprivacy
2024-10-23 07:32:50 +0000  copying file ./Payload/rnCliApp.app/GoogleDataTransport_Privacy.bundle/Info.plist ... 
2024-10-23 07:32:50 +0000  802 bytes for ./Payload/rnCliApp.app/GoogleDataTransport_Privacy.bundle/Info.plist
2024-10-23 07:32:50 +0000  copying file ./Payload/rnCliApp.app/FontAwesome5_Regular.ttf ... 
2024-10-23 07:32:50 +0000  33736 bytes for ./Payload/rnCliApp.app/FontAwesome5_Regular.ttf
2024-10-23 07:32:50 +0000  copying file ./Payload/rnCliApp.app/GoogleService-Info.plist ... 
2024-10-23 07:32:50 +0000  544 bytes for ./Payload/rnCliApp.app/GoogleService-Info.plist
2024-10-23 07:32:50 +0000  copying file ./Payload/rnCliApp.app/FontAwesome.ttf ... 
2024-10-23 07:32:50 +0000  165548 bytes for ./Payload/rnCliApp.app/FontAwesome.ttf
2024-10-23 07:32:50 +0000  copying file ./Payload/rnCliApp.app/GTMSessionFetcher_Core_Privacy.bundle/PrivacyInfo.xcprivacy ... 
2024-10-23 07:32:50 +0000  598 bytes for ./Payload/rnCliApp.app/GTMSessionFetcher_Core_Privacy.bundle/PrivacyInfo.xcprivacy
2024-10-23 07:32:50 +0000  copying file ./Payload/rnCliApp.app/GTMSessionFetcher_Core_Privacy.bundle/Info.plist ... 
2024-10-23 07:32:50 +0000  809 bytes for ./Payload/rnCliApp.app/GTMSessionFetcher_Core_Privacy.bundle/Info.plist
2024-10-23 07:32:50 +0000  copying file ./Payload/rnCliApp.app/Zocial.ttf ... 
2024-10-23 07:32:50 +0000  25788 bytes for ./Payload/rnCliApp.app/Zocial.ttf
2024-10-23 07:32:50 +0000  copying file ./Payload/rnCliApp.app/Assets.car ... 
2024-10-23 07:32:50 +0000  214415 bytes for ./Payload/rnCliApp.app/Assets.car
2024-10-23 07:32:50 +0000  copying file ./Payload/rnCliApp.app/EvilIcons.ttf ... 
2024-10-23 07:32:50 +0000  13456 bytes for ./Payload/rnCliApp.app/EvilIcons.ttf
2024-10-23 07:32:50 +0000  copying file ./Payload/rnCliApp.app/FirebaseInstallations_Privacy.bundle/PrivacyInfo.xcprivacy ... 
2024-10-23 07:32:50 +0000  1105 bytes for ./Payload/rnCliApp.app/FirebaseInstallations_Privacy.bundle/PrivacyInfo.xcprivacy
2024-10-23 07:32:50 +0000  copying file ./Payload/rnCliApp.app/FirebaseInstallations_Privacy.bundle/Info.plist ... 
2024-10-23 07:32:50 +0000  809 bytes for ./Payload/rnCliApp.app/FirebaseInstallations_Privacy.bundle/Info.plist
2024-10-23 07:32:50 +0000  copying file ./Payload/rnCliApp.app/GoogleUtilities_Privacy.bundle/PrivacyInfo.xcprivacy ... 
2024-10-23 07:32:50 +0000  1289 bytes for ./Payload/rnCliApp.app/GoogleUtilities_Privacy.bundle/PrivacyInfo.xcprivacy
2024-10-23 07:32:50 +0000  copying file ./Payload/rnCliApp.app/GoogleUtilities_Privacy.bundle/Info.plist ... 
2024-10-23 07:32:50 +0000  795 bytes for ./Payload/rnCliApp.app/GoogleUtilities_Privacy.bundle/Info.plist
2024-10-23 07:32:50 +0000  copying file ./Payload/rnCliApp.app/leveldb_Privacy.bundle/PrivacyInfo.xcprivacy ... 
2024-10-23 07:32:50 +0000  856 bytes for ./Payload/rnCliApp.app/leveldb_Privacy.bundle/PrivacyInfo.xcprivacy
2024-10-23 07:32:50 +0000  copying file ./Payload/rnCliApp.app/leveldb_Privacy.bundle/Info.plist ... 
2024-10-23 07:32:50 +0000  780 bytes for ./Payload/rnCliApp.app/leveldb_Privacy.bundle/Info.plist
2024-10-23 07:32:50 +0000  copying file ./Payload/rnCliApp.app/phoneringtone.wav ... 
2024-10-23 07:32:50 +0000  1055310 bytes for ./Payload/rnCliApp.app/phoneringtone.wav
2024-10-23 07:32:50 +0000  copying file ./Payload/rnCliApp.app/main.jsbundle ... 
2024-10-23 07:32:50 +0000  6887022 bytes for ./Payload/rnCliApp.app/main.jsbundle
2024-10-23 07:32:50 +0000  copying file ./Payload/rnCliApp.app/RCTI18nStrings.bundle/de.lproj/Localizable.strings ... 
64 bytes for ./Payload/rnCliApp.app/RCTI18nStrings.bundle/de.lproj/Localizable.strings
2024-10-23 07:32:50 +0000  copying file ./Payload/rnCliApp.app/RCTI18nStrings.bundle/de.lproj/fbt_language_pack.bin ... 
2024-10-23 07:32:50 +0000  1312 bytes for ./Payload/rnCliApp.app/RCTI18nStrings.bundle/de.lproj/fbt_language_pack.bin
2024-10-23 07:32:50 +0000  copying file ./Payload/rnCliApp.app/RCTI18nStrings.bundle/he.lproj/Localizable.strings ... 
2024-10-23 07:32:50 +0000  64 bytes for ./Payload/rnCliApp.app/RCTI18nStrings.bundle/he.lproj/Localizable.strings
copying file ./Payload/rnCliApp.app/RCTI18nStrings.bundle/he.lproj/fbt_language_pack.bin ... 
2024-10-23 07:32:50 +0000  1444 bytes for ./Payload/rnCliApp.app/RCTI18nStrings.bundle/he.lproj/fbt_language_pack.bin
2024-10-23 07:32:50 +0000  copying file ./Payload/rnCliApp.app/RCTI18nStrings.bundle/ar.lproj/Localizable.strings ... 
2024-10-23 07:32:50 +0000  64 bytes for ./Payload/rnCliApp.app/RCTI18nStrings.bundle/ar.lproj/Localizable.strings
copying file ./Payload/rnCliApp.app/RCTI18nStrings.bundle/ar.lproj/fbt_language_pack.bin ... 
2024-10-23 07:32:50 +0000  1500 bytes for ./Payload/rnCliApp.app/RCTI18nStrings.bundle/ar.lproj/fbt_language_pack.bin
2024-10-23 07:32:50 +0000  copying file ./Payload/rnCliApp.app/RCTI18nStrings.bundle/el.lproj/Localizable.strings ... 
2024-10-23 07:32:50 +0000  64 bytes for ./Payload/rnCliApp.app/RCTI18nStrings.bundle/el.lproj/Localizable.strings
2024-10-23 07:32:50 +0000  copying file ./Payload/rnCliApp.app/RCTI18nStrings.bundle/el.lproj/fbt_language_pack.bin ... 
2024-10-23 07:32:50 +0000  1600 bytes for ./Payload/rnCliApp.app/RCTI18nStrings.bundle/el.lproj/fbt_language_pack.bin
2024-10-23 07:32:50 +0000  copying file ./Payload/rnCliApp.app/RCTI18nStrings.bundle/zh-Hans.lproj/Localizable.strings ... 
2024-10-23 07:32:50 +0000  64 bytes for ./Payload/rnCliApp.app/RCTI18nStrings.bundle/zh-Hans.lproj/Localizable.strings
2024-10-23 07:32:50 +0000  copying file ./Payload/rnCliApp.app/RCTI18nStrings.bundle/zh-Hans.lproj/fbt_language_pack.bin ... 
2024-10-23 07:32:50 +0000  1296 bytes for ./Payload/rnCliApp.app/RCTI18nStrings.bundle/zh-Hans.lproj/fbt_language_pack.bin
2024-10-23 07:32:50 +0000  copying file ./Payload/rnCliApp.app/RCTI18nStrings.bundle/ja.lproj/Localizable.strings ... 
2024-10-23 07:32:50 +0000  64 bytes for ./Payload/rnCliApp.app/RCTI18nStrings.bundle/ja.lproj/Localizable.strings
2024-10-23 07:32:50 +0000  copying file ./Payload/rnCliApp.app/RCTI18nStrings.bundle/ja.lproj/fbt_language_pack.bin ... 
2024-10-23 07:32:50 +0000  1436 bytes for ./Payload/rnCliApp.app/RCTI18nStrings.bundle/ja.lproj/fbt_language_pack.bin
2024-10-23 07:32:50 +0000  copying file ./Payload/rnCliApp.app/RCTI18nStrings.bundle/en.lproj/Localizable.strings ... 
2024-10-23 07:32:50 +0000  64 bytes for ./Payload/rnCliApp.app/RCTI18nStrings.bundle/en.lproj/Localizable.strings
2024-10-23 07:32:50 +0000  copying file ./Payload/rnCliApp.app/RCTI18nStrings.bundle/zh-Hant-HK.lproj/Localizable.strings ... 
2024-10-23 07:32:50 +0000  64 bytes for ./Payload/rnCliApp.app/RCTI18nStrings.bundle/zh-Hant-HK.lproj/Localizable.strings
2024-10-23 07:32:50 +0000  copying file ./Payload/rnCliApp.app/RCTI18nStrings.bundle/zh-Hant-HK.lproj/fbt_language_pack.bin ... 
2024-10-23 07:32:50 +0000  1296 bytes for ./Payload/rnCliApp.app/RCTI18nStrings.bundle/zh-Hant-HK.lproj/fbt_language_pack.bin
2024-10-23 07:32:50 +0000  copying file ./Payload/rnCliApp.app/RCTI18nStrings.bundle/uk.lproj/Localizable.strings ... 
2024-10-23 07:32:50 +0000  64 bytes for ./Payload/rnCliApp.app/RCTI18nStrings.bundle/uk.lproj/Localizable.strings
2024-10-23 07:32:50 +0000  copying file ./Payload/rnCliApp.app/RCTI18nStrings.bundle/uk.lproj/fbt_language_pack.bin ... 
2024-10-23 07:32:50 +0000  1564 bytes for ./Payload/rnCliApp.app/RCTI18nStrings.bundle/uk.lproj/fbt_language_pack.bin
2024-10-23 07:32:50 +0000  copying file ./Payload/rnCliApp.app/RCTI18nStrings.bundle/nb.lproj/Localizable.strings ... 
2024-10-23 07:32:50 +0000  64 bytes for ./Payload/rnCliApp.app/RCTI18nStrings.bundle/nb.lproj/Localizable.strings
2024-10-23 07:32:50 +0000  copying file ./Payload/rnCliApp.app/RCTI18nStrings.bundle/nb.lproj/fbt_language_pack.bin ... 
2024-10-23 07:32:50 +0000  1296 bytes for ./Payload/rnCliApp.app/RCTI18nStrings.bundle/nb.lproj/fbt_language_pack.bin
2024-10-23 07:32:50 +0000  copying file ./Payload/rnCliApp.app/RCTI18nStrings.bundle/en-GB.lproj/Localizable.strings ... 
2024-10-23 07:32:50 +0000  64 bytes for ./Payload/rnCliApp.app/RCTI18nStrings.bundle/en-GB.lproj/Localizable.strings
2024-10-23 07:32:50 +0000  copying file ./Payload/rnCliApp.app/RCTI18nStrings.bundle/en-GB.lproj/fbt_language_pack.bin ... 
2024-10-23 07:32:50 +0000  1268 bytes for ./Payload/rnCliApp.app/RCTI18nStrings.bundle/en-GB.lproj/fbt_language_pack.bin
2024-10-23 07:32:50 +0000  copying file ./Payload/rnCliApp.app/RCTI18nStrings.bundle/es.lproj/Localizable.strings ... 
2024-10-23 07:32:50 +0000  64 bytes for ./Payload/rnCliApp.app/RCTI18nStrings.bundle/es.lproj/Localizable.strings
2024-10-23 07:32:50 +0000  copying file ./Payload/rnCliApp.app/RCTI18nStrings.bundle/es.lproj/fbt_language_pack.bin ... 
2024-10-23 07:32:50 +0000  1364 bytes for ./Payload/rnCliApp.app/RCTI18nStrings.bundle/es.lproj/fbt_language_pack.bin
2024-10-23 07:32:50 +0000  copying file ./Payload/rnCliApp.app/RCTI18nStrings.bundle/da.lproj/Localizable.strings ... 
2024-10-23 07:32:50 +0000  64 bytes for ./Payload/rnCliApp.app/RCTI18nStrings.bundle/da.lproj/Localizable.strings
2024-10-23 07:32:50 +0000  copying file ./Payload/rnCliApp.app/RCTI18nStrings.bundle/da.lproj/fbt_language_pack.bin ... 
2024-10-23 07:32:50 +0000  1300 bytes for ./Payload/rnCliApp.app/RCTI18nStrings.bundle/da.lproj/fbt_language_pack.bin
2024-10-23 07:32:50 +0000  copying file ./Payload/rnCliApp.app/RCTI18nStrings.bundle/it.lproj/Localizable.strings ... 
2024-10-23 07:32:50 +0000  64 bytes for ./Payload/rnCliApp.app/RCTI18nStrings.bundle/it.lproj/Localizable.strings
2024-10-23 07:32:50 +0000  copying file ./Payload/rnCliApp.app/RCTI18nStrings.bundle/it.lproj/fbt_language_pack.bin ... 
2024-10-23 07:32:50 +0000  1388 bytes for ./Payload/rnCliApp.app/RCTI18nStrings.bundle/it.lproj/fbt_language_pack.bin
2024-10-23 07:32:50 +0000  copying file ./Payload/rnCliApp.app/RCTI18nStrings.bundle/sk.lproj/Localizable.strings ... 
2024-10-23 07:32:50 +0000  64 bytes for ./Payload/rnCliApp.app/RCTI18nStrings.bundle/sk.lproj/Localizable.strings
2024-10-23 07:32:50 +0000  copying file ./Payload/rnCliApp.app/RCTI18nStrings.bundle/sk.lproj/fbt_language_pack.bin ... 
2024-10-23 07:32:50 +0000  1356 bytes for ./Payload/rnCliApp.app/RCTI18nStrings.bundle/sk.lproj/fbt_language_pack.bin
2024-10-23 07:32:50 +0000  copying file ./Payload/rnCliApp.app/RCTI18nStrings.bundle/es-ES.lproj/Localizable.strings ... 
2024-10-23 07:32:50 +0000  64 bytes for ./Payload/rnCliApp.app/RCTI18nStrings.bundle/es-ES.lproj/Localizable.strings
2024-10-23 07:32:50 +0000  copying file ./Payload/rnCliApp.app/RCTI18nStrings.bundle/es-ES.lproj/fbt_language_pack.bin ... 
2024-10-23 07:32:50 +0000  1368 bytes for ./Payload/rnCliApp.app/RCTI18nStrings.bundle/es-ES.lproj/fbt_language_pack.bin
2024-10-23 07:32:50 +0000  copying file ./Payload/rnCliApp.app/RCTI18nStrings.bundle/ms.lproj/Localizable.strings ... 
2024-10-23 07:32:50 +0000  64 bytes for ./Payload/rnCliApp.app/RCTI18nStrings.bundle/ms.lproj/Localizable.strings
2024-10-23 07:32:50 +0000  copying file ./Payload/rnCliApp.app/RCTI18nStrings.bundle/ms.lproj/fbt_language_pack.bin ... 
2024-10-23 07:32:50 +0000  1292 bytes for ./Payload/rnCliApp.app/RCTI18nStrings.bundle/ms.lproj/fbt_language_pack.bin
2024-10-23 07:32:50 +0000  copying file ./Payload/rnCliApp.app/RCTI18nStrings.bundle/sv.lproj/Localizable.strings ... 
2024-10-23 07:32:50 +0000  64 bytes for ./Payload/rnCliApp.app/RCTI18nStrings.bundle/sv.lproj/Localizable.strings
2024-10-23 07:32:50 +0000  copying file ./Payload/rnCliApp.app/RCTI18nStrings.bundle/sv.lproj/fbt_language_pack.bin ... 
2024-10-23 07:32:50 +0000  1300 bytes for ./Payload/rnCliApp.app/RCTI18nStrings.bundle/sv.lproj/fbt_language_pack.bin
2024-10-23 07:32:50 +0000  copying file ./Payload/rnCliApp.app/RCTI18nStrings.bundle/cs.lproj/Localizable.strings ... 
2024-10-23 07:32:50 +0000  64 bytes for ./Payload/rnCliApp.app/RCTI18nStrings.bundle/cs.lproj/Localizable.strings
2024-10-23 07:32:50 +0000  copying file ./Payload/rnCliApp.app/RCTI18nStrings.bundle/cs.lproj/fbt_language_pack.bin ... 
2024-10-23 07:32:50 +0000  1368 bytes for ./Payload/rnCliApp.app/RCTI18nStrings.bundle/cs.lproj/fbt_language_pack.bin
2024-10-23 07:32:50 +0000  copying file ./Payload/rnCliApp.app/RCTI18nStrings.bundle/ko.lproj/Localizable.strings ... 
2024-10-23 07:32:50 +0000  64 bytes for ./Payload/rnCliApp.app/RCTI18nStrings.bundle/ko.lproj/Localizable.strings
2024-10-23 07:32:50 +0000  copying file ./Payload/rnCliApp.app/RCTI18nStrings.bundle/ko.lproj/fbt_language_pack.bin ... 
2024-10-23 07:32:50 +0000  1332 bytes for ./Payload/rnCliApp.app/RCTI18nStrings.bundle/ko.lproj/fbt_language_pack.bin
2024-10-23 07:32:50 +0000  copying file ./Payload/rnCliApp.app/RCTI18nStrings.bundle/zh-Hant.lproj/Localizable.strings ... 
2024-10-23 07:32:50 +0000  64 bytes for ./Payload/rnCliApp.app/RCTI18nStrings.bundle/zh-Hant.lproj/Localizable.strings
2024-10-23 07:32:50 +0000  copying file ./Payload/rnCliApp.app/RCTI18nStrings.bundle/zh-Hant.lproj/fbt_language_pack.bin ... 
2024-10-23 07:32:50 +0000  1308 bytes for ./Payload/rnCliApp.app/RCTI18nStrings.bundle/zh-Hant.lproj/fbt_language_pack.bin
2024-10-23 07:32:50 +0000  copying file ./Payload/rnCliApp.app/RCTI18nStrings.bundle/hu.lproj/Localizable.strings ... 
2024-10-23 07:32:50 +0000  64 bytes for ./Payload/rnCliApp.app/RCTI18nStrings.bundle/hu.lproj/Localizable.strings
2024-10-23 07:32:50 +0000  copying file ./Payload/rnCliApp.app/RCTI18nStrings.bundle/hu.lproj/fbt_language_pack.bin ... 
2024-10-23 07:32:50 +0000  1348 bytes for ./Payload/rnCliApp.app/RCTI18nStrings.bundle/hu.lproj/fbt_language_pack.bin
2024-10-23 07:32:50 +0000  copying file ./Payload/rnCliApp.app/RCTI18nStrings.bundle/tr.lproj/Localizable.strings ... 
2024-10-23 07:32:50 +0000  64 bytes for ./Payload/rnCliApp.app/RCTI18nStrings.bundle/tr.lproj/Localizable.strings
2024-10-23 07:32:50 +0000  copying file ./Payload/rnCliApp.app/RCTI18nStrings.bundle/tr.lproj/fbt_language_pack.bin ... 
2024-10-23 07:32:50 +0000  1360 bytes for ./Payload/rnCliApp.app/RCTI18nStrings.bundle/tr.lproj/fbt_language_pack.bin
2024-10-23 07:32:50 +0000  copying file ./Payload/rnCliApp.app/RCTI18nStrings.bundle/pl.lproj/Localizable.strings ... 
2024-10-23 07:32:50 +0000  64 bytes for ./Payload/rnCliApp.app/RCTI18nStrings.bundle/pl.lproj/Localizable.strings
2024-10-23 07:32:50 +0000  copying file ./Payload/rnCliApp.app/RCTI18nStrings.bundle/pl.lproj/fbt_language_pack.bin ... 
2024-10-23 07:32:50 +0000  1340 bytes for ./Payload/rnCliApp.app/RCTI18nStrings.bundle/pl.lproj/fbt_language_pack.bin
2024-10-23 07:32:50 +0000  copying file ./Payload/rnCliApp.app/RCTI18nStrings.bundle/vi.lproj/Localizable.strings ... 
2024-10-23 07:32:50 +0000  64 bytes for ./Payload/rnCliApp.app/RCTI18nStrings.bundle/vi.lproj/Localizable.strings
2024-10-23 07:32:50 +0000  copying file ./Payload/rnCliApp.app/RCTI18nStrings.bundle/vi.lproj/fbt_language_pack.bin ... 
2024-10-23 07:32:50 +0000  1352 bytes for ./Payload/rnCliApp.app/RCTI18nStrings.bundle/vi.lproj/fbt_language_pack.bin
2024-10-23 07:32:50 +0000  copying file ./Payload/rnCliApp.app/RCTI18nStrings.bundle/ru.lproj/Localizable.strings ... 
2024-10-23 07:32:50 +0000  64 bytes for ./Payload/rnCliApp.app/RCTI18nStrings.bundle/ru.lproj/Localizable.strings
2024-10-23 07:32:50 +0000  copying file ./Payload/rnCliApp.app/RCTI18nStrings.bundle/ru.lproj/fbt_language_pack.bin ... 
2024-10-23 07:32:50 +0000  1576 bytes for ./Payload/rnCliApp.app/RCTI18nStrings.bundle/ru.lproj/fbt_language_pack.bin
2024-10-23 07:32:50 +0000  copying file ./Payload/rnCliApp.app/RCTI18nStrings.bundle/fr.lproj/Localizable.strings ... 
2024-10-23 07:32:50 +0000  64 bytes for ./Payload/rnCliApp.app/RCTI18nStrings.bundle/fr.lproj/Localizable.strings
2024-10-23 07:32:50 +0000  copying file ./Payload/rnCliApp.app/RCTI18nStrings.bundle/fr.lproj/fbt_language_pack.bin ... 
2024-10-23 07:32:50 +0000  1360 bytes for ./Payload/rnCliApp.app/RCTI18nStrings.bundle/fr.lproj/fbt_language_pack.bin
2024-10-23 07:32:50 +0000  copying file ./Payload/rnCliApp.app/RCTI18nStrings.bundle/fi.lproj/Localizable.strings ... 
2024-10-23 07:32:50 +0000  64 bytes for ./Payload/rnCliApp.app/RCTI18nStrings.bundle/fi.lproj/Localizable.strings
2024-10-23 07:32:50 +0000  copying file ./Payload/rnCliApp.app/RCTI18nStrings.bundle/fi.lproj/fbt_language_pack.bin ... 
2024-10-23 07:32:50 +0000  1340 bytes for ./Payload/rnCliApp.app/RCTI18nStrings.bundle/fi.lproj/fbt_language_pack.bin
2024-10-23 07:32:50 +0000  copying file ./Payload/rnCliApp.app/RCTI18nStrings.bundle/id.lproj/Localizable.strings ... 
2024-10-23 07:32:50 +0000  64 bytes for ./Payload/rnCliApp.app/RCTI18nStrings.bundle/id.lproj/Localizable.strings
2024-10-23 07:32:50 +0000  copying file ./Payload/rnCliApp.app/RCTI18nStrings.bundle/id.lproj/fbt_language_pack.bin ... 
2024-10-23 07:32:50 +0000  1300 bytes for ./Payload/rnCliApp.app/RCTI18nStrings.bundle/id.lproj/fbt_language_pack.bin
2024-10-23 07:32:50 +0000  copying file ./Payload/rnCliApp.app/RCTI18nStrings.bundle/nl.lproj/Localizable.strings ... 
2024-10-23 07:32:50 +0000  64 bytes for ./Payload/rnCliApp.app/RCTI18nStrings.bundle/nl.lproj/Localizable.strings
2024-10-23 07:32:50 +0000  copying file ./Payload/rnCliApp.app/RCTI18nStrings.bundle/nl.lproj/fbt_language_pack.bin ... 
2024-10-23 07:32:50 +0000  1324 bytes for ./Payload/rnCliApp.app/RCTI18nStrings.bundle/nl.lproj/fbt_language_pack.bin
2024-10-23 07:32:50 +0000  copying file ./Payload/rnCliApp.app/RCTI18nStrings.bundle/th.lproj/Localizable.strings ... 
2024-10-23 07:32:50 +0000  64 bytes for ./Payload/rnCliApp.app/RCTI18nStrings.bundle/th.lproj/Localizable.strings
2024-10-23 07:32:50 +0000  copying file ./Payload/rnCliApp.app/RCTI18nStrings.bundle/th.lproj/fbt_language_pack.bin ... 
2024-10-23 07:32:50 +0000  1784 bytes for ./Payload/rnCliApp.app/RCTI18nStrings.bundle/th.lproj/fbt_language_pack.bin
2024-10-23 07:32:50 +0000  copying file ./Payload/rnCliApp.app/RCTI18nStrings.bundle/pt.lproj/Localizable.strings ... 
2024-10-23 07:32:50 +0000  64 bytes for ./Payload/rnCliApp.app/RCTI18nStrings.bundle/pt.lproj/Localizable.strings
2024-10-23 07:32:50 +0000  copying file ./Payload/rnCliApp.app/RCTI18nStrings.bundle/pt.lproj/fbt_language_pack.bin ... 
2024-10-23 07:32:50 +0000  1356 bytes for ./Payload/rnCliApp.app/RCTI18nStrings.bundle/pt.lproj/fbt_language_pack.bin
2024-10-23 07:32:50 +0000  copying file ./Payload/rnCliApp.app/RCTI18nStrings.bundle/zu.lproj/Localizable.strings ... 
2024-10-23 07:32:50 +0000  64 bytes for ./Payload/rnCliApp.app/RCTI18nStrings.bundle/zu.lproj/Localizable.strings
2024-10-23 07:32:50 +0000  copying file ./Payload/rnCliApp.app/RCTI18nStrings.bundle/zu.lproj/fbt_language_pack.bin ... 
2024-10-23 07:32:50 +0000  2076 bytes for ./Payload/rnCliApp.app/RCTI18nStrings.bundle/zu.lproj/fbt_language_pack.bin
2024-10-23 07:32:50 +0000  copying file ./Payload/rnCliApp.app/RCTI18nStrings.bundle/pt-PT.lproj/Localizable.strings ... 
2024-10-23 07:32:50 +0000  64 bytes for ./Payload/rnCliApp.app/RCTI18nStrings.bundle/pt-PT.lproj/Localizable.strings
2024-10-23 07:32:50 +0000  copying file ./Payload/rnCliApp.app/RCTI18nStrings.bundle/pt-PT.lproj/fbt_language_pack.bin ... 
2024-10-23 07:32:50 +0000  1372 bytes for ./Payload/rnCliApp.app/RCTI18nStrings.bundle/pt-PT.lproj/fbt_language_pack.bin
2024-10-23 07:32:50 +0000  copying file ./Payload/rnCliApp.app/RCTI18nStrings.bundle/ro.lproj/Localizable.strings ... 
2024-10-23 07:32:50 +0000  64 bytes for ./Payload/rnCliApp.app/RCTI18nStrings.bundle/ro.lproj/Localizable.strings
2024-10-23 07:32:50 +0000  copying file ./Payload/rnCliApp.app/RCTI18nStrings.bundle/ro.lproj/fbt_language_pack.bin ... 
2024-10-23 07:32:50 +0000  1344 bytes for ./Payload/rnCliApp.app/RCTI18nStrings.bundle/ro.lproj/fbt_language_pack.bin
2024-10-23 07:32:50 +0000  copying file ./Payload/rnCliApp.app/RCTI18nStrings.bundle/Info.plist ... 
2024-10-23 07:32:50 +0000  776 bytes for ./Payload/rnCliApp.app/RCTI18nStrings.bundle/Info.plist
2024-10-23 07:32:50 +0000  copying file ./Payload/rnCliApp.app/RCTI18nStrings.bundle/hr.lproj/Localizable.strings ... 
2024-10-23 07:32:50 +0000  64 bytes for ./Payload/rnCliApp.app/RCTI18nStrings.bundle/hr.lproj/Localizable.strings
2024-10-23 07:32:50 +0000  copying file ./Payload/rnCliApp.app/RCTI18nStrings.bundle/hr.lproj/fbt_language_pack.bin ... 
2024-10-23 07:32:50 +0000  1352 bytes for ./Payload/rnCliApp.app/RCTI18nStrings.bundle/hr.lproj/fbt_language_pack.bin
2024-10-23 07:32:50 +0000  copying file ./Payload/rnCliApp.app/RCTI18nStrings.bundle/hi.lproj/Localizable.strings ... 
2024-10-23 07:32:50 +0000  64 bytes for ./Payload/rnCliApp.app/RCTI18nStrings.bundle/hi.lproj/Localizable.strings
2024-10-23 07:32:50 +0000  copying file ./Payload/rnCliApp.app/RCTI18nStrings.bundle/hi.lproj/fbt_language_pack.bin ... 
2024-10-23 07:32:50 +0000  1640 bytes for ./Payload/rnCliApp.app/RCTI18nStrings.bundle/hi.lproj/fbt_language_pack.bin
2024-10-23 07:32:50 +0000  copying file ./Payload/rnCliApp.app/FontAwesome6_Solid.ttf ... 
2024-10-23 07:32:50 +0000  394668 bytes for ./Payload/rnCliApp.app/FontAwesome6_Solid.ttf
2024-10-23 07:32:50 +0000  copying file ./Payload/rnCliApp.app/PrivacyInfo.xcprivacy ... 
2024-10-23 07:32:50 +0000  1042 bytes for ./Payload/rnCliApp.app/PrivacyInfo.xcprivacy
2024-10-23 07:32:50 +0000  copying file ./Payload/rnCliApp.app/LaunchScreen.storyboardc/01J-lp-oVM-view-Ze5-6b-2t3.nib ... 
2024-10-23 07:32:50 +0000  3816 bytes for ./Payload/rnCliApp.app/LaunchScreen.storyboardc/01J-lp-oVM-view-Ze5-6b-2t3.nib
2024-10-23 07:32:50 +0000  copying file ./Payload/rnCliApp.app/LaunchScreen.storyboardc/UIViewController-01J-lp-oVM.nib ... 
2024-10-23 07:32:50 +0000  924 bytes for ./Payload/rnCliApp.app/LaunchScreen.storyboardc/UIViewController-01J-lp-oVM.nib
2024-10-23 07:32:50 +0000  copying file ./Payload/rnCliApp.app/LaunchScreen.storyboardc/Info.plist ... 
2024-10-23 07:32:50 +0000  258 bytes for ./Payload/rnCliApp.app/LaunchScreen.storyboardc/Info.plist
2024-10-23 07:32:50 +0000  copying file ./Payload/rnCliApp.app/BootSplash.storyboardc/01J-lp-oVM-view-Ze5-6b-2t3.nib ... 
2024-10-23 07:32:50 +0000  2185 bytes for ./Payload/rnCliApp.app/BootSplash.storyboardc/01J-lp-oVM-view-Ze5-6b-2t3.nib
2024-10-23 07:32:50 +0000  copying file ./Payload/rnCliApp.app/BootSplash.storyboardc/UIViewController-01J-lp-oVM.nib ... 
2024-10-23 07:32:50 +0000  950 bytes for ./Payload/rnCliApp.app/BootSplash.storyboardc/UIViewController-01J-lp-oVM.nib
2024-10-23 07:32:50 +0000  copying file ./Payload/rnCliApp.app/BootSplash.storyboardc/Info.plist ... 
2024-10-23 07:32:50 +0000  258 bytes for ./Payload/rnCliApp.app/BootSplash.storyboardc/Info.plist
2024-10-23 07:32:50 +0000  copying file ./Payload/rnCliApp.app/rnCliApp ... 
2024-10-23 07:32:51 +0000  15237056 bytes for ./Payload/rnCliApp.app/rnCliApp
2024-10-23 07:32:51 +0000  copying file ./Payload/rnCliApp.app/Frameworks/WebRTC.framework/_CodeSignature/CodeResources ... 
2024-10-23 07:32:51 +0000  1798 bytes for ./Payload/rnCliApp.app/Frameworks/WebRTC.framework/_CodeSignature/CodeResources
2024-10-23 07:32:51 +0000  copying file ./Payload/rnCliApp.app/Frameworks/WebRTC.framework/WebRTC ... 
2024-10-23 07:32:51 +0000  8084176 bytes for ./Payload/rnCliApp.app/Frameworks/WebRTC.framework/WebRTC
2024-10-23 07:32:51 +0000  copying file ./Payload/rnCliApp.app/Frameworks/WebRTC.framework/Info.plist ... 
2024-10-23 07:32:51 +0000  751 bytes for ./Payload/rnCliApp.app/Frameworks/WebRTC.framework/Info.plist
2024-10-23 07:32:51 +0000  copying file ./Payload/rnCliApp.app/Frameworks/hermes.framework/_CodeSignature/CodeResources ... 
2024-10-23 07:32:51 +0000  1798 bytes for ./Payload/rnCliApp.app/Frameworks/hermes.framework/_CodeSignature/CodeResources
2024-10-23 07:32:51 +0000  copying file ./Payload/rnCliApp.app/Frameworks/hermes.framework/hermes ... 
2024-10-23 07:32:51 +0000  4445200 bytes for ./Payload/rnCliApp.app/Frameworks/hermes.framework/hermes
2024-10-23 07:32:51 +0000  copying file ./Payload/rnCliApp.app/Frameworks/hermes.framework/Info.plist ... 
815 bytes for ./Payload/rnCliApp.app/Frameworks/hermes.framework/Info.plist
copying file ./Payload/rnCliApp.app/SimpleLineIcons.ttf ... 
2024-10-23 07:32:51 +0000  54056 bytes for ./Payload/rnCliApp.app/SimpleLineIcons.ttf
2024-10-23 07:32:51 +0000  copying file ./Payload/rnCliApp.app/FontAwesome6_Brands.ttf ... 
2024-10-23 07:32:51 +0000  189684 bytes for ./Payload/rnCliApp.app/FontAwesome6_Brands.ttf
2024-10-23 07:32:51 +0000  copying file ./Payload/rnCliApp.app/embedded.mobileprovision ... 
2024-10-23 07:32:51 +0000  16837 bytes for ./Payload/rnCliApp.app/embedded.mobileprovision
2024-10-23 07:32:51 +0000  copying file ./Payload/rnCliApp.app/assets/node_modules/@react-navigation/elements/src/assets/back-icon@3x.png ... 
2024-10-23 07:32:51 +0000  761 bytes for ./Payload/rnCliApp.app/assets/node_modules/@react-navigation/elements/src/assets/back-icon@3x.png
2024-10-23 07:32:51 +0000  copying file ./Payload/rnCliApp.app/assets/node_modules/@react-navigation/elements/src/assets/back-icon@2x.png ... 
2024-10-23 07:32:51 +0000  405 bytes for ./Payload/rnCliApp.app/assets/node_modules/@react-navigation/elements/src/assets/back-icon@2x.png
2024-10-23 07:32:51 +0000  copying file ./Payload/rnCliApp.app/assets/node_modules/@react-navigation/elements/src/assets/back-icon.png ... 
2024-10-23 07:32:51 +0000  290 bytes for ./Payload/rnCliApp.app/assets/node_modules/@react-navigation/elements/src/assets/back-icon.png
2024-10-23 07:32:51 +0000  copying file ./Payload/rnCliApp.app/assets/node_modules/@react-navigation/elements/src/assets/back-icon-mask.png ... 
2024-10-23 07:32:51 +0000  913 bytes for ./Payload/rnCliApp.app/assets/node_modules/@react-navigation/elements/src/assets/back-icon-mask.png
2024-10-23 07:32:51 +0000  copying file ./Payload/rnCliApp.app/assets/node_modules/react-native-paper/src/assets/back-chevron.png ... 
2024-10-23 07:32:51 +0000  489 bytes for ./Payload/rnCliApp.app/assets/node_modules/react-native-paper/src/assets/back-chevron.png
2024-10-23 07:32:51 +0000  copying file ./Payload/rnCliApp.app/assets/assets/images/iconPassword.png ... 
2024-10-23 07:32:51 +0000  4846 bytes for ./Payload/rnCliApp.app/assets/assets/images/iconPassword.png
2024-10-23 07:32:51 +0000  copying file ./Payload/rnCliApp.app/assets/assets/images/iconAccount.png ... 
2024-10-23 07:32:51 +0000  5277 bytes for ./Payload/rnCliApp.app/assets/assets/images/iconAccount.png
2024-10-23 07:32:51 +0000  copying file ./Payload/rnCliApp.app/assets/assets/images/logoApp.png ... 
2024-10-23 07:32:51 +0000  21724 bytes for ./Payload/rnCliApp.app/assets/assets/images/logoApp.png
2024-10-23 07:32:51 +0000  copying file ./Payload/rnCliApp.app/Info.plist ... 
2024-10-23 07:32:51 +0000  3623 bytes for ./Payload/rnCliApp.app/Info.plist
2024-10-23 07:32:51 +0000  copying file ./Payload/rnCliApp.app/PkgInfo ... 
2024-10-23 07:32:51 +0000  8 bytes for ./Payload/rnCliApp.app/PkgInfo
copying file ./Payload/rnCliApp.app/MaterialIcons.ttf ... 
2024-10-23 07:32:51 +0000  356840 bytes for ./Payload/rnCliApp.app/MaterialIcons.ttf
2024-10-23 07:32:51 +0000  /usr/bin/ditto exited with 0
2024-10-23 07:32:51 +0000  Processing step: IDEDistributionAppStoreInformationStep
2024-10-23 07:32:51 +0000  Skipping step: IDEDistributionAppStoreInformationStep because it said so
2024-10-23 07:32:51 +0000  Processing step: IDEDistributionGenerateProcessedDistributionItems
2024-10-23 07:32:51 +0000  IDEDistributionItem init <DVTFilePath:0x6000e7709e30:'/var/folders/1j/37x8r7x94v7gl3vfflf3bsd00000gn/T/XcodeDistPipeline.~~~jfSsFO/Root/Payload/rnCliApp.app/Frameworks/WebRTC.framework'>
2024-10-23 07:32:51 +0000  IDEDistributionItem init <DVTFilePath:0x6001bb4387e0:'/var/folders/1j/37x8r7x94v7gl3vfflf3bsd00000gn/T/XcodeDistPipeline.~~~jfSsFO/Root/Payload/rnCliApp.app/Frameworks/hermes.framework'>
2024-10-23 07:32:51 +0000  IDEDistributionItem init <DVTFilePath:0x600233870a20:'/var/folders/1j/37x8r7x94v7gl3vfflf3bsd00000gn/T/XcodeDistPipeline.~~~jfSsFO/Root/Payload/rnCliApp.app'>
2024-10-23 07:32:51 +0000  Processing step: IDEDistributionCreateManifestStep
